<?xml version="1.0" encoding="utf-8"?>
<CoverageSession xmlns:xsd="http://www.w3.org/2001/XMLSchema" xmlns:xsi="http://www.w3.org/2001/XMLSchema-instance">
  <Summary numSequencePoints="496" visitedSequencePoints="245" numBranchPoints="245" visitedBranchPoints="147" sequenceCoverage="49.40" branchCoverage="60" maxCyclomaticComplexity="5" minCyclomaticComplexity="0" />
  <Modules>
    <Module skippedDueTo="Filter" hash="B8-B5-2E-7E-34-97-29-CA-77-E0-D3-F9-3F-72-2B-1B-B6-4A-87-98">
      <FullName>C:\Windows\Microsoft.Net\assembly\GAC_64\mscorlib\v4.0_4.0.0.0__b77a5c561934e089\mscorlib.dll</FullName>
      <ModuleName>mscorlib</ModuleName>
      <Classes />
    </Module>
    <Module skippedDueTo="Filter" hash="CA-75-2A-9A-E7-E4-D8-A9-4C-34-49-6E-3D-94-D3-D9-77-7E-75-8B">
      <FullName>D:\dev\diss\src\Chess\packages\xunit.runner.console.2.0.0\tools\xunit.console.exe</FullName>
      <ModuleName>xunit.console</ModuleName>
      <Classes />
    </Module>
    <Module skippedDueTo="Filter" hash="B0-74-B1-8D-51-BC-0F-BE-6F-0A-E9-01-EB-0F-3D-B4-01-89-D9-28">
      <FullName>D:\dev\diss\src\Chess\packages\xunit.runner.console.2.0.0\tools\xunit.runner.utility.desktop.dll</FullName>
      <ModuleName>xunit.runner.utility.desktop</ModuleName>
      <Classes />
    </Module>
    <Module skippedDueTo="Filter" hash="04-DF-13-16-0B-F4-57-A9-D9-9C-5A-63-DC-51-CD-BF-FD-3A-AF-DA">
      <FullName>C:\Windows\Microsoft.Net\assembly\GAC_MSIL\System\v4.0_4.0.0.0__b77a5c561934e089\System.dll</FullName>
      <ModuleName>System</ModuleName>
      <Classes />
    </Module>
    <Module skippedDueTo="Filter" hash="43-0F-9E-14-71-13-7F-E2-26-11-26-04-62-4A-0E-92-1F-0F-04-20">
      <FullName>C:\Windows\Microsoft.Net\assembly\GAC_MSIL\System.Core\v4.0_4.0.0.0__b77a5c561934e089\System.Core.dll</FullName>
      <ModuleName>System.Core</ModuleName>
      <Classes />
    </Module>
    <Module skippedDueTo="Filter" hash="DF-4A-DE-40-BE-24-D6-36-12-5C-3E-21-0D-59-5D-93-07-87-C1-6D">
      <FullName>C:\Windows\Microsoft.Net\assembly\GAC_MSIL\System.Xml.Linq\v4.0_4.0.0.0__b77a5c561934e089\System.Xml.Linq.dll</FullName>
      <ModuleName>System.Xml.Linq</ModuleName>
      <Classes />
    </Module>
    <Module skippedDueTo="Filter" hash="2C-B8-8B-0E-27-14-38-8E-71-A5-1D-A0-EE-33-D9-22-5F-A4-AF-79">
      <FullName>C:\Windows\Microsoft.Net\assembly\GAC_MSIL\System.Xml\v4.0_4.0.0.0__b77a5c561934e089\System.Xml.dll</FullName>
      <ModuleName>System.Xml</ModuleName>
      <Classes />
    </Module>
    <Module skippedDueTo="Filter" hash="B6-60-CE-70-25-03-8E-12-F0-FF-EB-DA-C8-94-AA-A9-02-DE-71-07">
      <FullName>C:\Windows\Microsoft.Net\assembly\GAC_MSIL\System.Configuration\v4.0_4.0.0.0__b03f5f7f11d50a3a\System.Configuration.dll</FullName>
      <ModuleName>System.Configuration</ModuleName>
      <Classes />
    </Module>
    <Module skippedDueTo="Filter" hash="0D-93-02-F5-BA-A6-97-B2-1E-7D-A1-81-8A-4F-5F-B9-97-BB-A9-BC">
      <FullName>D:\dev\diss\src\Chess\packages\xunit.runner.console.2.0.0\tools\xunit.abstractions.dll</FullName>
      <ModuleName>xunit.abstractions</ModuleName>
      <Classes />
    </Module>
    <Module skippedDueTo="Filter" hash="C4-1C-EF-C1-68-A7-81-E7-D7-C2-14-6C-B0-71-EA-1E-D2-8A-C4-87">
      <FullName>C:\Windows\Microsoft.Net\assembly\GAC_MSIL\System.Runtime\v4.0_4.0.0.0__b03f5f7f11d50a3a\System.Runtime.dll</FullName>
      <ModuleName>System.Runtime</ModuleName>
      <Classes />
    </Module>
    <Module skippedDueTo="Filter" hash="B0-74-B1-8D-51-BC-0F-BE-6F-0A-E9-01-EB-0F-3D-B4-01-89-D9-28">
      <FullName>C:\Users\Andrei\AppData\Local\Temp\0e9b28ec-ead1-4de8-8c87-009e1c3adc67\0e9b28ec-ead1-4de8-8c87-009e1c3adc67\assembly\dl3\b02671d4\d79294f4_b27ed001\xunit.runner.utility.desktop.dll</FullName>
      <ModuleName>xunit.runner.utility.desktop</ModuleName>
      <Classes />
    </Module>
    <Module skippedDueTo="Filter" hash="43-0F-9E-14-71-13-7F-E2-26-11-26-04-62-4A-0E-92-1F-0F-04-20">
      <FullName>C:\Windows\Microsoft.Net\assembly\GAC_MSIL\System.Core\v4.0_4.0.0.0__b77a5c561934e089\System.Core.dll</FullName>
      <ModuleName>System.Core</ModuleName>
      <Classes />
    </Module>
    <Module skippedDueTo="Filter" hash="04-DF-13-16-0B-F4-57-A9-D9-9C-5A-63-DC-51-CD-BF-FD-3A-AF-DA">
      <FullName>C:\Windows\Microsoft.Net\assembly\GAC_MSIL\System\v4.0_4.0.0.0__b77a5c561934e089\System.dll</FullName>
      <ModuleName>System</ModuleName>
      <Classes />
    </Module>
    <Module skippedDueTo="MissingPdb" hash="">
      <FullName>RefEmit_InMemoryManifestModule</FullName>
      <ModuleName>Anonymously Hosted DynamicMethods Assembly</ModuleName>
      <Classes />
    </Module>
    <Module skippedDueTo="Filter" hash="B4-E5-45-AE-0B-55-EC-8D-E4-87-AA-20-FD-58-FC-59-E6-1E-3D-CB">
      <FullName>D:\dev\diss\src\Chess\Chess.Business.ImplementationA.Tests\bin\Debug\Chess.Business.ImplementationA.Tests.dll</FullName>
      <ModuleName>Chess.Business.ImplementationA.Tests</ModuleName>
      <Classes />
    </Module>
    <Module skippedDueTo="Filter" hash="EC-FF-9D-4B-0C-AE-7A-3C-63-A6-9E-91-68-0A-BA-A4-D2-4E-03-EE">
      <FullName>C:\Windows\Microsoft.Net\assembly\GAC_MSIL\System.Reflection\v4.0_4.0.0.0__b03f5f7f11d50a3a\System.Reflection.dll</FullName>
      <ModuleName>System.Reflection</ModuleName>
      <Classes />
    </Module>
    <Module skippedDueTo="Filter" hash="B3-7E-92-55-B0-9D-3E-9D-D0-BE-7E-AD-BD-44-6A-04-A5-2F-6E-1D">
      <FullName>D:\dev\diss\src\Chess\Chess.Business.ImplementationA.Tests\bin\Debug\xunit.execution.desktop.dll</FullName>
      <ModuleName>xunit.execution.desktop</ModuleName>
      <Classes />
    </Module>
    <Module skippedDueTo="Filter" hash="9E-A9-5D-7F-86-82-4D-02-7D-07-AD-C0-17-06-5D-73-8F-1F-28-44">
      <FullName>D:\dev\diss\src\Chess\Chess.Business.ImplementationA.Tests\bin\Debug\xunit.abstractions.dll</FullName>
      <ModuleName>xunit.abstractions</ModuleName>
      <Classes />
    </Module>
    <Module skippedDueTo="Filter" hash="04-DF-13-16-0B-F4-57-A9-D9-9C-5A-63-DC-51-CD-BF-FD-3A-AF-DA">
      <FullName>C:\Windows\Microsoft.Net\assembly\GAC_MSIL\System\v4.0_4.0.0.0__b77a5c561934e089\System.dll</FullName>
      <ModuleName>System</ModuleName>
      <Classes />
    </Module>
    <Module skippedDueTo="Filter" hash="B4-E5-45-AE-0B-55-EC-8D-E4-87-AA-20-FD-58-FC-59-E6-1E-3D-CB">
      <FullName>D:\dev\diss\src\Chess\Chess.Business.ImplementationA.Tests\bin\Debug\Chess.Business.ImplementationA.Tests.dll</FullName>
      <ModuleName>Chess.Business.ImplementationA.Tests</ModuleName>
      <Classes />
    </Module>
    <Module skippedDueTo="Filter" hash="B0-74-B1-8D-51-BC-0F-BE-6F-0A-E9-01-EB-0F-3D-B4-01-89-D9-28">
      <FullName>D:\dev\diss\src\Chess\Chess.Business.ImplementationA.Tests\bin\Debug\xunit.runner.utility.desktop.dll</FullName>
      <ModuleName>xunit.runner.utility.desktop</ModuleName>
      <Classes />
    </Module>
    <Module skippedDueTo="Filter" hash="92-86-F5-EF-BA-E0-F5-CA-93-B9-77-A4-87-F3-14-4E-B6-44-13-6B">
      <FullName>D:\dev\diss\src\Chess\Chess.Business.ImplementationA.Tests\bin\Debug\xunit.core.dll</FullName>
      <ModuleName>xunit.core</ModuleName>
      <Classes />
    </Module>
    <Module skippedDueTo="Filter" hash="43-0F-9E-14-71-13-7F-E2-26-11-26-04-62-4A-0E-92-1F-0F-04-20">
      <FullName>C:\Windows\Microsoft.Net\assembly\GAC_MSIL\System.Core\v4.0_4.0.0.0__b77a5c561934e089\System.Core.dll</FullName>
      <ModuleName>System.Core</ModuleName>
      <Classes />
    </Module>
    <Module skippedDueTo="Filter" hash="C4-1C-EF-C1-68-A7-81-E7-D7-C2-14-6C-B0-71-EA-1E-D2-8A-C4-87">
      <FullName>C:\Windows\Microsoft.Net\assembly\GAC_MSIL\System.Runtime\v4.0_4.0.0.0__b03f5f7f11d50a3a\System.Runtime.dll</FullName>
      <ModuleName>System.Runtime</ModuleName>
      <Classes />
    </Module>
    <Module skippedDueTo="Filter" hash="27-0A-97-DD-A0-B2-35-29-E2-FC-54-09-5F-DD-E0-F6-7A-D7-02-7D">
      <FullName>C:\Windows\Microsoft.Net\assembly\GAC_MSIL\System.Threading.Tasks\v4.0_4.0.0.0__b03f5f7f11d50a3a\System.Threading.Tasks.dll</FullName>
      <ModuleName>System.Threading.Tasks</ModuleName>
      <Classes />
    </Module>
    <Module skippedDueTo="Filter" hash="4C-89-BF-38-16-4E-9D-79-E6-3D-4C-DF-BA-B7-64-7C-0A-41-01-99">
      <FullName>C:\Windows\Microsoft.Net\assembly\GAC_MSIL\System.Linq\v4.0_4.0.0.0__b03f5f7f11d50a3a\System.Linq.dll</FullName>
      <ModuleName>System.Linq</ModuleName>
      <Classes />
    </Module>
    <Module skippedDueTo="Filter" hash="46-D9-0E-7C-F3-A5-60-14-68-5C-FC-D9-F5-6C-61-55-5D-E0-B5-EE">
      <FullName>C:\Windows\Microsoft.Net\assembly\GAC_MSIL\System.Collections\v4.0_4.0.0.0__b03f5f7f11d50a3a\System.Collections.dll</FullName>
      <ModuleName>System.Collections</ModuleName>
      <Classes />
    </Module>
    <Module skippedDueTo="Filter" hash="B3-7E-92-55-B0-9D-3E-9D-D0-BE-7E-AD-BD-44-6A-04-A5-2F-6E-1D">
      <FullName>D:\dev\diss\src\Chess\packages\xunit.runner.console.2.0.0\tools\xunit.execution.desktop.dll</FullName>
      <ModuleName>xunit.execution.desktop</ModuleName>
      <Classes />
    </Module>
    <Module skippedDueTo="Filter" hash="46-D9-0E-7C-F3-A5-60-14-68-5C-FC-D9-F5-6C-61-55-5D-E0-B5-EE">
      <FullName>C:\Windows\Microsoft.Net\assembly\GAC_MSIL\System.Collections\v4.0_4.0.0.0__b03f5f7f11d50a3a\System.Collections.dll</FullName>
      <ModuleName>System.Collections</ModuleName>
      <Classes />
    </Module>
    <Module hash="0B-0D-CC-A8-5F-F4-CA-42-8D-33-97-6B-04-5A-88-B2-0C-49-A5-2F">
      <Summary numSequencePoints="0" visitedSequencePoints="0" numBranchPoints="0" visitedBranchPoints="0" sequenceCoverage="0" branchCoverage="0" maxCyclomaticComplexity="0" minCyclomaticComplexity="0" />
      <FullName>D:\dev\diss\src\Chess\Chess.Business.ImplementationA.Tests\bin\Debug\Chess.Business.Interfaces.dll</FullName>
      <ModuleName>Chess.Business.Interfaces</ModuleName>
      <Files />
      <Classes>
        <Class>
          <Summary numSequencePoints="0" visitedSequencePoints="0" numBranchPoints="0" visitedBranchPoints="0" sequenceCoverage="0" branchCoverage="0" maxCyclomaticComplexity="0" minCyclomaticComplexity="0" />
          <FullName>&lt;Module&gt;</FullName>
          <Methods />
        </Class>
        <Class>
          <Summary numSequencePoints="0" visitedSequencePoints="0" numBranchPoints="0" visitedBranchPoints="0" sequenceCoverage="0" branchCoverage="0" maxCyclomaticComplexity="0" minCyclomaticComplexity="0" />
          <FullName>Chess.Business.Interfaces.Piece.PieceMove</FullName>
          <Methods>
            <Method visited="false" cyclomaticComplexity="0" sequenceCoverage="0" branchCoverage="0" isConstructor="true" isStatic="false" isGetter="false" isSetter="false">
              <Summary numSequencePoints="0" visitedSequencePoints="0" numBranchPoints="0" visitedBranchPoints="0" sequenceCoverage="0" branchCoverage="0" maxCyclomaticComplexity="1" minCyclomaticComplexity="1" />
              <MetadataToken>100663322</MetadataToken>
              <Name>System.Void Chess.Business.Interfaces.Piece.PieceMove::.ctor(System.Object,System.IntPtr)</Name>
              <SequencePoints />
              <BranchPoints />
              <MethodPoint vc="0" uspid="1" ordinal="0" offset="0" />
            </Method>
            <Method visited="false" cyclomaticComplexity="0" sequenceCoverage="0" branchCoverage="0" isConstructor="false" isStatic="false" isGetter="false" isSetter="false">
              <Summary numSequencePoints="0" visitedSequencePoints="0" numBranchPoints="0" visitedBranchPoints="0" sequenceCoverage="0" branchCoverage="0" maxCyclomaticComplexity="1" minCyclomaticComplexity="1" />
              <MetadataToken>100663323</MetadataToken>
              <Name>System.Void Chess.Business.Interfaces.Piece.PieceMove::Invoke(Chess.Business.Interfaces.Piece.IPiece,Chess.Infrastructure.Position)</Name>
              <SequencePoints />
              <BranchPoints />
              <MethodPoint vc="0" uspid="2" ordinal="0" offset="0" />
            </Method>
            <Method visited="false" cyclomaticComplexity="0" sequenceCoverage="0" branchCoverage="0" isConstructor="false" isStatic="false" isGetter="false" isSetter="false">
              <Summary numSequencePoints="0" visitedSequencePoints="0" numBranchPoints="0" visitedBranchPoints="0" sequenceCoverage="0" branchCoverage="0" maxCyclomaticComplexity="1" minCyclomaticComplexity="1" />
              <MetadataToken>100663324</MetadataToken>
              <Name>System.IAsyncResult Chess.Business.Interfaces.Piece.PieceMove::BeginInvoke(Chess.Business.Interfaces.Piece.IPiece,Chess.Infrastructure.Position,System.AsyncCallback,System.Object)</Name>
              <SequencePoints />
              <BranchPoints />
              <MethodPoint vc="0" uspid="3" ordinal="0" offset="0" />
            </Method>
            <Method visited="false" cyclomaticComplexity="0" sequenceCoverage="0" branchCoverage="0" isConstructor="false" isStatic="false" isGetter="false" isSetter="false">
              <Summary numSequencePoints="0" visitedSequencePoints="0" numBranchPoints="0" visitedBranchPoints="0" sequenceCoverage="0" branchCoverage="0" maxCyclomaticComplexity="1" minCyclomaticComplexity="1" />
              <MetadataToken>100663325</MetadataToken>
              <Name>System.Void Chess.Business.Interfaces.Piece.PieceMove::EndInvoke(System.IAsyncResult)</Name>
              <SequencePoints />
              <BranchPoints />
              <MethodPoint vc="0" uspid="4" ordinal="0" offset="0" />
            </Method>
          </Methods>
        </Class>
        <Class>
          <Summary numSequencePoints="0" visitedSequencePoints="0" numBranchPoints="0" visitedBranchPoints="0" sequenceCoverage="0" branchCoverage="0" maxCyclomaticComplexity="0" minCyclomaticComplexity="0" />
          <FullName>Chess.Business.Interfaces.Piece.RemovePiece</FullName>
          <Methods>
            <Method visited="false" cyclomaticComplexity="0" sequenceCoverage="0" branchCoverage="0" isConstructor="true" isStatic="false" isGetter="false" isSetter="false">
              <Summary numSequencePoints="0" visitedSequencePoints="0" numBranchPoints="0" visitedBranchPoints="0" sequenceCoverage="0" branchCoverage="0" maxCyclomaticComplexity="1" minCyclomaticComplexity="1" />
              <MetadataToken>100663326</MetadataToken>
              <Name>System.Void Chess.Business.Interfaces.Piece.RemovePiece::.ctor(System.Object,System.IntPtr)</Name>
              <SequencePoints />
              <BranchPoints />
              <MethodPoint vc="0" uspid="5" ordinal="0" offset="0" />
            </Method>
            <Method visited="false" cyclomaticComplexity="0" sequenceCoverage="0" branchCoverage="0" isConstructor="false" isStatic="false" isGetter="false" isSetter="false">
              <Summary numSequencePoints="0" visitedSequencePoints="0" numBranchPoints="0" visitedBranchPoints="0" sequenceCoverage="0" branchCoverage="0" maxCyclomaticComplexity="1" minCyclomaticComplexity="1" />
              <MetadataToken>100663327</MetadataToken>
              <Name>System.Void Chess.Business.Interfaces.Piece.RemovePiece::Invoke(Chess.Business.Interfaces.Piece.IPiece)</Name>
              <SequencePoints />
              <BranchPoints />
              <MethodPoint vc="0" uspid="6" ordinal="0" offset="0" />
            </Method>
            <Method visited="false" cyclomaticComplexity="0" sequenceCoverage="0" branchCoverage="0" isConstructor="false" isStatic="false" isGetter="false" isSetter="false">
              <Summary numSequencePoints="0" visitedSequencePoints="0" numBranchPoints="0" visitedBranchPoints="0" sequenceCoverage="0" branchCoverage="0" maxCyclomaticComplexity="1" minCyclomaticComplexity="1" />
              <MetadataToken>100663328</MetadataToken>
              <Name>System.IAsyncResult Chess.Business.Interfaces.Piece.RemovePiece::BeginInvoke(Chess.Business.Interfaces.Piece.IPiece,System.AsyncCallback,System.Object)</Name>
              <SequencePoints />
              <BranchPoints />
              <MethodPoint vc="0" uspid="7" ordinal="0" offset="0" />
            </Method>
            <Method visited="false" cyclomaticComplexity="0" sequenceCoverage="0" branchCoverage="0" isConstructor="false" isStatic="false" isGetter="false" isSetter="false">
              <Summary numSequencePoints="0" visitedSequencePoints="0" numBranchPoints="0" visitedBranchPoints="0" sequenceCoverage="0" branchCoverage="0" maxCyclomaticComplexity="1" minCyclomaticComplexity="1" />
              <MetadataToken>100663329</MetadataToken>
              <Name>System.Void Chess.Business.Interfaces.Piece.RemovePiece::EndInvoke(System.IAsyncResult)</Name>
              <SequencePoints />
              <BranchPoints />
              <MethodPoint vc="0" uspid="8" ordinal="0" offset="0" />
            </Method>
          </Methods>
        </Class>
      </Classes>
    </Module>
    <Module hash="C7-7B-BF-08-21-9E-4B-89-9F-32-44-DF-4A-26-EF-CE-51-06-48-29">
      <Summary numSequencePoints="50" visitedSequencePoints="27" numBranchPoints="31" visitedBranchPoints="20" sequenceCoverage="54" branchCoverage="64.52" maxCyclomaticComplexity="5" minCyclomaticComplexity="1" />
      <FullName>D:\dev\diss\src\Chess\Chess.Business.ImplementationA.Tests\bin\Debug\Chess.Infrastructure.dll</FullName>
      <ModuleName>Chess.Infrastructure</ModuleName>
      <Files>
        <File uid="1" fullPath="d:\dev\diss\src\Chess\Chess.Infrastructure\Extensions.cs" />
        <File uid="2" fullPath="d:\dev\diss\src\Chess\Chess.Infrastructure\Position.cs" />
      </Files>
      <Classes>
        <Class>
          <Summary numSequencePoints="0" visitedSequencePoints="0" numBranchPoints="0" visitedBranchPoints="0" sequenceCoverage="0" branchCoverage="0" maxCyclomaticComplexity="0" minCyclomaticComplexity="0" />
          <FullName>&lt;Module&gt;</FullName>
          <Methods />
        </Class>
        <Class>
          <Summary numSequencePoints="0" visitedSequencePoints="0" numBranchPoints="0" visitedBranchPoints="0" sequenceCoverage="0" branchCoverage="0" maxCyclomaticComplexity="1" minCyclomaticComplexity="1" />
          <FullName>Chess.Infrastructure.Events.PlayerChangedEvent</FullName>
          <Methods>
            <Method visited="false" cyclomaticComplexity="1" sequenceCoverage="0" branchCoverage="0" isConstructor="true" isStatic="false" isGetter="false" isSetter="false">
              <Summary numSequencePoints="0" visitedSequencePoints="0" numBranchPoints="0" visitedBranchPoints="0" sequenceCoverage="0" branchCoverage="0" maxCyclomaticComplexity="1" minCyclomaticComplexity="1" />
              <MetadataToken>100663303</MetadataToken>
              <Name>System.Void Chess.Infrastructure.Events.PlayerChangedEvent::.ctor()</Name>
              <SequencePoints />
              <BranchPoints />
              <MethodPoint vc="0" uspid="9" ordinal="0" offset="0" />
            </Method>
          </Methods>
        </Class>
        <Class>
          <Summary numSequencePoints="0" visitedSequencePoints="0" numBranchPoints="0" visitedBranchPoints="0" sequenceCoverage="0" branchCoverage="0" maxCyclomaticComplexity="1" minCyclomaticComplexity="1" />
          <FullName>Chess.Infrastructure.Events.RefreshTableEvent</FullName>
          <Methods>
            <Method visited="false" cyclomaticComplexity="1" sequenceCoverage="0" branchCoverage="0" isConstructor="true" isStatic="false" isGetter="false" isSetter="false">
              <Summary numSequencePoints="0" visitedSequencePoints="0" numBranchPoints="0" visitedBranchPoints="0" sequenceCoverage="0" branchCoverage="0" maxCyclomaticComplexity="1" minCyclomaticComplexity="1" />
              <MetadataToken>100663304</MetadataToken>
              <Name>System.Void Chess.Infrastructure.Events.RefreshTableEvent::.ctor()</Name>
              <SequencePoints />
              <BranchPoints />
              <MethodPoint vc="0" uspid="10" ordinal="0" offset="0" />
            </Method>
          </Methods>
        </Class>
        <Class>
          <Summary numSequencePoints="0" visitedSequencePoints="0" numBranchPoints="0" visitedBranchPoints="0" sequenceCoverage="0" branchCoverage="0" maxCyclomaticComplexity="1" minCyclomaticComplexity="1" />
          <FullName>Chess.Infrastructure.Events.SquareSelectedEvent</FullName>
          <Methods>
            <Method visited="false" cyclomaticComplexity="1" sequenceCoverage="0" branchCoverage="0" isConstructor="true" isStatic="false" isGetter="false" isSetter="false">
              <Summary numSequencePoints="0" visitedSequencePoints="0" numBranchPoints="0" visitedBranchPoints="0" sequenceCoverage="0" branchCoverage="0" maxCyclomaticComplexity="1" minCyclomaticComplexity="1" />
              <MetadataToken>100663305</MetadataToken>
              <Name>System.Void Chess.Infrastructure.Events.SquareSelectedEvent::.ctor()</Name>
              <SequencePoints />
              <BranchPoints />
              <MethodPoint vc="0" uspid="11" ordinal="0" offset="0" />
            </Method>
          </Methods>
        </Class>
        <Class>
          <Summary numSequencePoints="9" visitedSequencePoints="0" numBranchPoints="3" visitedBranchPoints="0" sequenceCoverage="0" branchCoverage="0" maxCyclomaticComplexity="3" minCyclomaticComplexity="3" />
          <FullName>Chess.Infrastructure.CollectionExtensions</FullName>
          <Methods>
            <Method visited="false" cyclomaticComplexity="3" sequenceCoverage="0" branchCoverage="0" isConstructor="false" isStatic="true" isGetter="false" isSetter="false">
              <Summary numSequencePoints="9" visitedSequencePoints="0" numBranchPoints="3" visitedBranchPoints="0" sequenceCoverage="0" branchCoverage="0" maxCyclomaticComplexity="3" minCyclomaticComplexity="3" />
              <MetadataToken>100663306</MetadataToken>
              <Name>System.Void Chess.Infrastructure.CollectionExtensions::ForEach(System.Collections.Generic.IEnumerable`1&lt;T&gt;,System.Action`1&lt;T&gt;)</Name>
              <FileRef uid="1" />
              <SequencePoints>
                <SequencePoint vc="0" uspid="12" ordinal="0" offset="0" sl="9" sc="9" el="9" ec="10" bec="0" bev="0" fileid="1" />
                <SequencePoint vc="0" uspid="13" ordinal="1" offset="1" sl="10" sc="13" el="10" ec="20" bec="0" bev="0" fileid="1" />
                <SequencePoint vc="0" uspid="14" ordinal="2" offset="2" sl="10" sc="34" el="10" ec="44" bec="0" bev="0" fileid="1" />
                <SequencePoint vc="0" uspid="15" ordinal="3" offset="11" sl="10" sc="22" el="10" ec="30" bec="0" bev="0" fileid="1" />
                <SequencePoint vc="0" uspid="16" ordinal="4" offset="18" sl="11" sc="13" el="11" ec="14" bec="0" bev="0" fileid="1" />
                <SequencePoint vc="0" uspid="17" ordinal="5" offset="19" sl="12" sc="17" el="12" ec="30" bec="0" bev="0" fileid="1" />
                <SequencePoint vc="0" uspid="18" ordinal="6" offset="27" sl="13" sc="13" el="13" ec="14" bec="0" bev="0" fileid="1" />
                <SequencePoint vc="0" uspid="19" ordinal="7" offset="28" sl="10" sc="31" el="10" ec="33" bec="2" bev="0" fileid="1" />
                <SequencePoint vc="0" uspid="20" ordinal="8" offset="57" sl="14" sc="9" el="14" ec="10" bec="0" bev="0" fileid="1" />
              </SequencePoints>
              <BranchPoints>
                <BranchPoint vc="0" uspid="21" ordinal="0" offset="36" sl="10" path="0" offsetend="38" fileid="1" />
                <BranchPoint vc="0" uspid="22" ordinal="1" offset="36" sl="10" path="1" offsetend="11" fileid="1" />
              </BranchPoints>
              <MethodPoint xsi:type="SequencePoint" vc="0" uspid="12" ordinal="0" offset="0" sl="9" sc="9" el="9" ec="10" bec="0" bev="0" fileid="1" />
            </Method>
          </Methods>
        </Class>
        <Class>
          <Summary numSequencePoints="0" visitedSequencePoints="0" numBranchPoints="0" visitedBranchPoints="0" sequenceCoverage="0" branchCoverage="0" maxCyclomaticComplexity="0" minCyclomaticComplexity="0" />
          <FullName>Chess.Infrastructure.Names.ModuleNames</FullName>
          <Methods />
        </Class>
        <Class>
          <Summary numSequencePoints="0" visitedSequencePoints="0" numBranchPoints="0" visitedBranchPoints="0" sequenceCoverage="0" branchCoverage="0" maxCyclomaticComplexity="0" minCyclomaticComplexity="0" />
          <FullName>Chess.Infrastructure.Names.RegionNames</FullName>
          <Methods />
        </Class>
        <Class>
          <Summary numSequencePoints="38" visitedSequencePoints="27" numBranchPoints="27" visitedBranchPoints="20" sequenceCoverage="71.05" branchCoverage="74.07" maxCyclomaticComplexity="5" minCyclomaticComplexity="1" />
          <FullName>Chess.Infrastructure.Position</FullName>
          <Methods>
            <Method visited="true" cyclomaticComplexity="1" sequenceCoverage="0" branchCoverage="0" isConstructor="false" isStatic="false" isGetter="true" isSetter="false">
              <Summary numSequencePoints="0" visitedSequencePoints="0" numBranchPoints="0" visitedBranchPoints="0" sequenceCoverage="0" branchCoverage="0" maxCyclomaticComplexity="1" minCyclomaticComplexity="1" />
              <MetadataToken>100663307</MetadataToken>
              <Name>System.Int32 Chess.Infrastructure.Position::get_X()</Name>
              <SequencePoints />
              <BranchPoints />
              <MethodPoint vc="8392" uspid="23" ordinal="0" offset="0" />
            </Method>
            <Method visited="true" cyclomaticComplexity="1" sequenceCoverage="0" branchCoverage="0" isConstructor="false" isStatic="false" isGetter="false" isSetter="true">
              <Summary numSequencePoints="0" visitedSequencePoints="0" numBranchPoints="0" visitedBranchPoints="0" sequenceCoverage="0" branchCoverage="0" maxCyclomaticComplexity="1" minCyclomaticComplexity="1" />
              <MetadataToken>100663308</MetadataToken>
              <Name>System.Void Chess.Infrastructure.Position::set_X(System.Int32)</Name>
              <SequencePoints />
              <BranchPoints />
              <MethodPoint vc="1184" uspid="24" ordinal="0" offset="0" />
            </Method>
            <Method visited="true" cyclomaticComplexity="1" sequenceCoverage="0" branchCoverage="0" isConstructor="false" isStatic="false" isGetter="true" isSetter="false">
              <Summary numSequencePoints="0" visitedSequencePoints="0" numBranchPoints="0" visitedBranchPoints="0" sequenceCoverage="0" branchCoverage="0" maxCyclomaticComplexity="1" minCyclomaticComplexity="1" />
              <MetadataToken>100663309</MetadataToken>
              <Name>System.Int32 Chess.Infrastructure.Position::get_Y()</Name>
              <SequencePoints />
              <BranchPoints />
              <MethodPoint vc="4152" uspid="25" ordinal="0" offset="0" />
            </Method>
            <Method visited="true" cyclomaticComplexity="1" sequenceCoverage="0" branchCoverage="0" isConstructor="false" isStatic="false" isGetter="false" isSetter="true">
              <Summary numSequencePoints="0" visitedSequencePoints="0" numBranchPoints="0" visitedBranchPoints="0" sequenceCoverage="0" branchCoverage="0" maxCyclomaticComplexity="1" minCyclomaticComplexity="1" />
              <MetadataToken>100663310</MetadataToken>
              <Name>System.Void Chess.Infrastructure.Position::set_Y(System.Int32)</Name>
              <SequencePoints />
              <BranchPoints />
              <MethodPoint vc="1188" uspid="26" ordinal="0" offset="0" />
            </Method>
            <Method visited="true" cyclomaticComplexity="1" sequenceCoverage="100" branchCoverage="100" isConstructor="true" isStatic="false" isGetter="false" isSetter="false">
              <Summary numSequencePoints="5" visitedSequencePoints="5" numBranchPoints="1" visitedBranchPoints="1" sequenceCoverage="100" branchCoverage="100" maxCyclomaticComplexity="1" minCyclomaticComplexity="1" />
              <MetadataToken>100663311</MetadataToken>
              <Name>System.Void Chess.Infrastructure.Position::.ctor(System.Int32,System.Int32)</Name>
              <FileRef uid="2" />
              <SequencePoints>
                <SequencePoint vc="1180" uspid="27" ordinal="0" offset="0" sl="10" sc="9" el="10" ec="38" bec="0" bev="0" fileid="2" />
                <SequencePoint vc="1180" uspid="28" ordinal="1" offset="7" sl="11" sc="9" el="11" ec="10" bec="0" bev="0" fileid="2" />
                <SequencePoint vc="1180" uspid="29" ordinal="2" offset="8" sl="12" sc="13" el="12" ec="19" bec="0" bev="0" fileid="2" />
                <SequencePoint vc="1180" uspid="30" ordinal="3" offset="16" sl="13" sc="13" el="13" ec="19" bec="0" bev="0" fileid="2" />
                <SequencePoint vc="1180" uspid="31" ordinal="4" offset="24" sl="14" sc="9" el="14" ec="10" bec="0" bev="0" fileid="2" />
              </SequencePoints>
              <BranchPoints />
              <MethodPoint xsi:type="SequencePoint" vc="1180" uspid="27" ordinal="0" offset="0" sl="10" sc="9" el="10" ec="38" bec="0" bev="0" fileid="2" />
            </Method>
            <Method visited="true" cyclomaticComplexity="1" sequenceCoverage="100" branchCoverage="100" isConstructor="true" isStatic="false" isGetter="false" isSetter="false">
              <Summary numSequencePoints="3" visitedSequencePoints="3" numBranchPoints="1" visitedBranchPoints="1" sequenceCoverage="100" branchCoverage="100" maxCyclomaticComplexity="1" minCyclomaticComplexity="1" />
              <MetadataToken>100663312</MetadataToken>
              <Name>System.Void Chess.Infrastructure.Position::.ctor(Chess.Infrastructure.Position)</Name>
              <FileRef uid="2" />
              <SequencePoints>
                <SequencePoint vc="4" uspid="32" ordinal="0" offset="0" sl="16" sc="9" el="17" ec="29" bec="0" bev="0" fileid="2" />
                <SequencePoint vc="4" uspid="33" ordinal="1" offset="19" sl="18" sc="9" el="18" ec="10" bec="0" bev="0" fileid="2" />
                <SequencePoint vc="4" uspid="34" ordinal="2" offset="20" sl="20" sc="9" el="20" ec="10" bec="0" bev="0" fileid="2" />
              </SequencePoints>
              <BranchPoints />
              <MethodPoint xsi:type="SequencePoint" vc="4" uspid="32" ordinal="0" offset="0" sl="16" sc="9" el="17" ec="29" bec="0" bev="0" fileid="2" />
            </Method>
            <Method visited="true" cyclomaticComplexity="1" sequenceCoverage="100" branchCoverage="100" isConstructor="true" isStatic="false" isGetter="false" isSetter="false">
              <Summary numSequencePoints="5" visitedSequencePoints="5" numBranchPoints="1" visitedBranchPoints="1" sequenceCoverage="100" branchCoverage="100" maxCyclomaticComplexity="1" minCyclomaticComplexity="1" />
              <MetadataToken>100663313</MetadataToken>
              <Name>System.Void Chess.Infrastructure.Position::.ctor()</Name>
              <FileRef uid="2" />
              <SequencePoints>
                <SequencePoint vc="3" uspid="35" ordinal="0" offset="0" sl="22" sc="9" el="22" ec="26" bec="0" bev="0" fileid="2" />
                <SequencePoint vc="3" uspid="36" ordinal="1" offset="7" sl="23" sc="9" el="23" ec="10" bec="0" bev="0" fileid="2" />
                <SequencePoint vc="3" uspid="37" ordinal="2" offset="8" sl="24" sc="13" el="24" ec="19" bec="0" bev="0" fileid="2" />
                <SequencePoint vc="3" uspid="38" ordinal="3" offset="16" sl="25" sc="13" el="25" ec="19" bec="0" bev="0" fileid="2" />
                <SequencePoint vc="3" uspid="39" ordinal="4" offset="24" sl="26" sc="9" el="26" ec="10" bec="0" bev="0" fileid="2" />
              </SequencePoints>
              <BranchPoints />
              <MethodPoint xsi:type="SequencePoint" vc="3" uspid="35" ordinal="0" offset="0" sl="22" sc="9" el="22" ec="26" bec="0" bev="0" fileid="2" />
            </Method>
            <Method visited="true" cyclomaticComplexity="4" sequenceCoverage="100" branchCoverage="100" isConstructor="false" isStatic="false" isGetter="false" isSetter="false">
              <Summary numSequencePoints="3" visitedSequencePoints="3" numBranchPoints="7" visitedBranchPoints="7" sequenceCoverage="100" branchCoverage="100" maxCyclomaticComplexity="4" minCyclomaticComplexity="4" />
              <MetadataToken>100663314</MetadataToken>
              <Name>System.Boolean Chess.Infrastructure.Position::IsInBounds()</Name>
              <FileRef uid="2" />
              <SequencePoints>
                <SequencePoint vc="1043" uspid="40" ordinal="0" offset="0" sl="29" sc="9" el="29" ec="10" bec="0" bev="0" fileid="2" />
                <SequencePoint vc="1043" uspid="41" ordinal="1" offset="1" sl="30" sc="13" el="31" ec="37" bec="4" bev="4" fileid="2" />
                <SequencePoint vc="1043" uspid="42" ordinal="2" offset="47" sl="32" sc="9" el="32" ec="10" bec="0" bev="0" fileid="2" />
              </SequencePoints>
              <BranchPoints>
                <BranchPoint vc="972" uspid="43" ordinal="0" offset="8" sl="30" path="0" offsetend="10" fileid="2" />
                <BranchPoint vc="183" uspid="44" ordinal="1" offset="8" sl="30" path="1" offsetend="42" fileid="2" />
                <BranchPoint vc="899" uspid="45" ordinal="2" offset="17" sl="30" path="0" offsetend="19" fileid="2" />
                <BranchPoint vc="73" uspid="46" ordinal="3" offset="17" sl="30" path="1" offsetend="42" fileid="2" />
                <BranchPoint vc="860" uspid="47" ordinal="4" offset="26" sl="30" path="0" offsetend="28" fileid="2" />
                <BranchPoint vc="39" uspid="48" ordinal="5" offset="26" sl="30" path="1" offsetend="42" fileid="2" />
              </BranchPoints>
              <MethodPoint xsi:type="SequencePoint" vc="1043" uspid="40" ordinal="0" offset="0" sl="29" sc="9" el="29" ec="10" bec="0" bev="0" fileid="2" />
            </Method>
            <Method visited="true" cyclomaticComplexity="3" sequenceCoverage="83.33" branchCoverage="80" isConstructor="false" isStatic="false" isGetter="false" isSetter="false">
              <Summary numSequencePoints="6" visitedSequencePoints="5" numBranchPoints="5" visitedBranchPoints="4" sequenceCoverage="83.33" branchCoverage="80" maxCyclomaticComplexity="3" minCyclomaticComplexity="3" />
              <MetadataToken>100663315</MetadataToken>
              <Name>System.Boolean Chess.Infrastructure.Position::Equals(System.Object)</Name>
              <FileRef uid="2" />
              <SequencePoints>
                <SequencePoint vc="2681" uspid="49" ordinal="0" offset="0" sl="35" sc="9" el="35" ec="10" bec="0" bev="0" fileid="2" />
                <SequencePoint vc="2681" uspid="50" ordinal="1" offset="1" sl="36" sc="13" el="36" ec="44" bec="0" bev="0" fileid="2" />
                <SequencePoint vc="2681" uspid="51" ordinal="2" offset="8" sl="37" sc="13" el="37" ec="34" bec="2" bev="1" fileid="2" />
                <SequencePoint vc="0" uspid="52" ordinal="3" offset="22" sl="38" sc="17" el="38" ec="41" bec="0" bev="0" fileid="2" />
                <SequencePoint vc="2681" uspid="53" ordinal="4" offset="32" sl="40" sc="13" el="41" ec="36" bec="2" bev="2" fileid="2" />
                <SequencePoint vc="2681" uspid="54" ordinal="5" offset="67" sl="42" sc="9" el="42" ec="10" bec="0" bev="0" fileid="2" />
              </SequencePoints>
              <BranchPoints>
                <BranchPoint vc="0" uspid="55" ordinal="0" offset="20" sl="37" path="0" offsetend="22" fileid="2" />
                <BranchPoint vc="2681" uspid="56" ordinal="1" offset="20" sl="37" path="1" offsetend="32" fileid="2" />
                <BranchPoint vc="687" uspid="57" ordinal="2" offset="44" sl="40" path="0" offsetend="46" fileid="2" />
                <BranchPoint vc="1994" uspid="58" ordinal="3" offset="44" sl="40" path="1" offsetend="62" fileid="2" />
              </BranchPoints>
              <MethodPoint xsi:type="SequencePoint" vc="2681" uspid="49" ordinal="0" offset="0" sl="35" sc="9" el="35" ec="10" bec="0" bev="0" fileid="2" />
            </Method>
            <Method visited="false" cyclomaticComplexity="1" sequenceCoverage="0" branchCoverage="0" isConstructor="false" isStatic="false" isGetter="false" isSetter="false">
              <Summary numSequencePoints="3" visitedSequencePoints="0" numBranchPoints="1" visitedBranchPoints="0" sequenceCoverage="0" branchCoverage="0" maxCyclomaticComplexity="1" minCyclomaticComplexity="1" />
              <MetadataToken>100663316</MetadataToken>
              <Name>System.Int32 Chess.Infrastructure.Position::GetHashCode()</Name>
              <FileRef uid="2" />
              <SequencePoints>
                <SequencePoint vc="0" uspid="59" ordinal="0" offset="0" sl="45" sc="9" el="45" ec="10" bec="0" bev="0" fileid="2" />
                <SequencePoint vc="0" uspid="60" ordinal="1" offset="1" sl="46" sc="13" el="46" ec="39" bec="0" bev="0" fileid="2" />
                <SequencePoint vc="0" uspid="61" ordinal="2" offset="10" sl="47" sc="9" el="47" ec="10" bec="0" bev="0" fileid="2" />
              </SequencePoints>
              <BranchPoints />
              <MethodPoint xsi:type="SequencePoint" vc="0" uspid="59" ordinal="0" offset="0" sl="45" sc="9" el="45" ec="10" bec="0" bev="0" fileid="2" />
            </Method>
            <Method visited="false" cyclomaticComplexity="1" sequenceCoverage="0" branchCoverage="0" isConstructor="false" isStatic="false" isGetter="false" isSetter="false">
              <Summary numSequencePoints="3" visitedSequencePoints="0" numBranchPoints="1" visitedBranchPoints="0" sequenceCoverage="0" branchCoverage="0" maxCyclomaticComplexity="1" minCyclomaticComplexity="1" />
              <MetadataToken>100663317</MetadataToken>
              <Name>System.String Chess.Infrastructure.Position::ToString()</Name>
              <FileRef uid="2" />
              <SequencePoints>
                <SequencePoint vc="0" uspid="62" ordinal="0" offset="0" sl="50" sc="9" el="50" ec="10" bec="0" bev="0" fileid="2" />
                <SequencePoint vc="0" uspid="63" ordinal="1" offset="1" sl="51" sc="13" el="51" ec="53" bec="0" bev="0" fileid="2" />
                <SequencePoint vc="0" uspid="64" ordinal="2" offset="36" sl="52" sc="9" el="52" ec="10" bec="0" bev="0" fileid="2" />
              </SequencePoints>
              <BranchPoints />
              <MethodPoint xsi:type="SequencePoint" vc="0" uspid="62" ordinal="0" offset="0" sl="50" sc="9" el="50" ec="10" bec="0" bev="0" fileid="2" />
            </Method>
            <Method visited="true" cyclomaticComplexity="5" sequenceCoverage="85.71" branchCoverage="66.67" isConstructor="false" isStatic="true" isGetter="false" isSetter="false">
              <Summary numSequencePoints="7" visitedSequencePoints="6" numBranchPoints="9" visitedBranchPoints="6" sequenceCoverage="85.71" branchCoverage="66.67" maxCyclomaticComplexity="5" minCyclomaticComplexity="5" />
              <MetadataToken>100663318</MetadataToken>
              <Name>System.Boolean Chess.Infrastructure.Position::op_Equality(Chess.Infrastructure.Position,Chess.Infrastructure.Position)</Name>
              <FileRef uid="2" />
              <SequencePoints>
                <SequencePoint vc="5022" uspid="65" ordinal="0" offset="0" sl="55" sc="9" el="55" ec="10" bec="0" bev="0" fileid="2" />
                <SequencePoint vc="5022" uspid="66" ordinal="1" offset="1" sl="56" sc="13" el="56" ec="50" bec="4" bev="3" fileid="2" />
                <SequencePoint vc="2341" uspid="67" ordinal="2" offset="16" sl="57" sc="17" el="57" ec="38" bec="0" bev="0" fileid="2" />
                <SequencePoint vc="2681" uspid="68" ordinal="3" offset="26" sl="58" sc="13" el="58" ec="62" bec="4" bev="2" fileid="2" />
                <SequencePoint vc="0" uspid="69" ordinal="4" offset="44" sl="59" sc="17" el="59" ec="29" bec="0" bev="0" fileid="2" />
                <SequencePoint vc="2681" uspid="70" ordinal="5" offset="48" sl="60" sc="13" el="60" ec="26" bec="0" bev="0" fileid="2" />
                <SequencePoint vc="5022" uspid="71" ordinal="6" offset="52" sl="61" sc="9" el="61" ec="10" bec="0" bev="0" fileid="2" />
              </SequencePoints>
              <BranchPoints>
                <BranchPoint vc="5022" uspid="72" ordinal="0" offset="2" sl="56" path="0" offsetend="4" fileid="2" />
                <BranchPoint vc="0" uspid="73" ordinal="1" offset="2" sl="56" path="1" offsetend="10" fileid="2" />
                <BranchPoint vc="2341" uspid="74" ordinal="2" offset="14" sl="56" path="0" offsetend="16" fileid="2" />
                <BranchPoint vc="2681" uspid="75" ordinal="3" offset="14" sl="56" path="1" offsetend="26" fileid="2" />
                <BranchPoint vc="0" uspid="76" ordinal="4" offset="27" sl="58" path="0" offsetend="29" fileid="2" />
                <BranchPoint vc="2681" uspid="77" ordinal="5" offset="27" sl="58" path="1" offsetend="38" fileid="2" />
                <BranchPoint vc="0" uspid="78" ordinal="6" offset="42" sl="58" path="0" offsetend="44" fileid="2" />
                <BranchPoint vc="2681" uspid="79" ordinal="7" offset="42" sl="58" path="1" offsetend="48" fileid="2" />
              </BranchPoints>
              <MethodPoint xsi:type="SequencePoint" vc="5022" uspid="65" ordinal="0" offset="0" sl="55" sc="9" el="55" ec="10" bec="0" bev="0" fileid="2" />
            </Method>
            <Method visited="false" cyclomaticComplexity="1" sequenceCoverage="0" branchCoverage="0" isConstructor="false" isStatic="true" isGetter="false" isSetter="false">
              <Summary numSequencePoints="3" visitedSequencePoints="0" numBranchPoints="1" visitedBranchPoints="0" sequenceCoverage="0" branchCoverage="0" maxCyclomaticComplexity="1" minCyclomaticComplexity="1" />
              <MetadataToken>100663319</MetadataToken>
              <Name>System.Boolean Chess.Infrastructure.Position::op_Inequality(Chess.Infrastructure.Position,Chess.Infrastructure.Position)</Name>
              <FileRef uid="2" />
              <SequencePoints>
                <SequencePoint vc="0" uspid="80" ordinal="0" offset="0" sl="64" sc="9" el="64" ec="10" bec="0" bev="0" fileid="2" />
                <SequencePoint vc="0" uspid="81" ordinal="1" offset="1" sl="65" sc="13" el="65" ec="32" bec="0" bev="0" fileid="2" />
                <SequencePoint vc="0" uspid="82" ordinal="2" offset="14" sl="66" sc="9" el="66" ec="10" bec="0" bev="0" fileid="2" />
              </SequencePoints>
              <BranchPoints />
              <MethodPoint xsi:type="SequencePoint" vc="0" uspid="80" ordinal="0" offset="0" sl="64" sc="9" el="64" ec="10" bec="0" bev="0" fileid="2" />
            </Method>
          </Methods>
        </Class>
        <Class>
          <Summary numSequencePoints="3" visitedSequencePoints="0" numBranchPoints="1" visitedBranchPoints="0" sequenceCoverage="0" branchCoverage="0" maxCyclomaticComplexity="1" minCyclomaticComplexity="1" />
          <FullName>Chess.Infrastructure.PositionExtensions</FullName>
          <Methods>
            <Method visited="false" cyclomaticComplexity="1" sequenceCoverage="0" branchCoverage="0" isConstructor="false" isStatic="true" isGetter="false" isSetter="false">
              <Summary numSequencePoints="3" visitedSequencePoints="0" numBranchPoints="1" visitedBranchPoints="0" sequenceCoverage="0" branchCoverage="0" maxCyclomaticComplexity="1" minCyclomaticComplexity="1" />
              <MetadataToken>100663320</MetadataToken>
              <Name>System.Void Chess.Infrastructure.PositionExtensions::Add(System.Collections.Generic.List`1&lt;Chess.Infrastructure.Position&gt;,System.Int32,System.Int32)</Name>
              <FileRef uid="2" />
              <SequencePoints>
                <SequencePoint vc="0" uspid="83" ordinal="0" offset="0" sl="72" sc="9" el="72" ec="10" bec="0" bev="0" fileid="2" />
                <SequencePoint vc="0" uspid="84" ordinal="1" offset="1" sl="73" sc="13" el="73" ec="42" bec="0" bev="0" fileid="2" />
                <SequencePoint vc="0" uspid="85" ordinal="2" offset="15" sl="74" sc="9" el="74" ec="10" bec="0" bev="0" fileid="2" />
              </SequencePoints>
              <BranchPoints />
              <MethodPoint xsi:type="SequencePoint" vc="0" uspid="83" ordinal="0" offset="0" sl="72" sc="9" el="72" ec="10" bec="0" bev="0" fileid="2" />
            </Method>
          </Methods>
        </Class>
      </Classes>
    </Module>
    <Module hash="E0-E3-4B-CF-8B-BC-A0-3D-A8-3F-27-2B-CF-A9-25-F0-A8-23-51-40">
      <Summary numSequencePoints="446" visitedSequencePoints="218" numBranchPoints="214" visitedBranchPoints="127" sequenceCoverage="48.88" branchCoverage="59.35" maxCyclomaticComplexity="5" minCyclomaticComplexity="0" />
      <FullName>D:\dev\diss\src\Chess\Chess.Business.ImplementationA.Tests\bin\Debug\Chess.Business.ImplementationA.dll</FullName>
      <ModuleName>Chess.Business.ImplementationA</ModuleName>
      <Files>
        <File uid="7" fullPath="d:\dev\diss\src\Chess\Chess.Business.ImplementationA\ChessImplementationAModule.cs" />
        <File uid="8" fullPath="d:\dev\diss\src\Chess\Chess.Business.ImplementationA\PlayerSwitchSystem.cs" />
        <File uid="9" fullPath="d:\dev\diss\src\Chess\Chess.Business.ImplementationA\Players\DummyComputerPlayer.cs" />
        <File uid="10" fullPath="d:\dev\diss\src\Chess\Chess.Business.ImplementationA\GameTable.cs" />
        <File uid="15" fullPath="d:\dev\diss\src\Chess\Chess.Business.ImplementationA\Moves\MoveStrategyBase.cs" />
        <File uid="17" fullPath="d:\dev\diss\src\Chess\Chess.Business.ImplementationA\Pieces\PieceFactory.cs" />
        <File uid="18" fullPath="d:\dev\diss\src\Chess\Chess.Business.ImplementationA\Moves\CompositeMove.cs" />
        <File uid="19" fullPath="d:\dev\diss\src\Chess\Chess.Business.ImplementationA\Moves\ContinousConditionedMove.cs" />
        <File uid="20" fullPath="d:\dev\diss\src\Chess\Chess.Business.ImplementationA\Moves\DiagonalMove.cs" />
        <File uid="21" fullPath="d:\dev\diss\src\Chess\Chess.Business.ImplementationA\Moves\LMove.cs" />
        <File uid="22" fullPath="d:\dev\diss\src\Chess\Chess.Business.ImplementationA\Moves\OrthogonalMove.cs" />
        <File uid="23" fullPath="d:\dev\diss\src\Chess\Chess.Business.ImplementationA\Moves\PawnMove.cs" />
        <File uid="24" fullPath="d:\dev\diss\src\Chess\Chess.Business.ImplementationA\Moves\SquareMove.cs" />
        <File uid="25" fullPath="d:\dev\diss\src\Chess\Chess.Business.ImplementationA\Pieces\ChessPiece.cs" />
        <File uid="26" fullPath="d:\dev\diss\src\Chess\Chess.Business.ImplementationA\Players\HumanPlayer.cs" />
      </Files>
      <Classes>
        <Class>
          <Summary numSequencePoints="0" visitedSequencePoints="0" numBranchPoints="0" visitedBranchPoints="0" sequenceCoverage="0" branchCoverage="0" maxCyclomaticComplexity="0" minCyclomaticComplexity="0" />
          <FullName>&lt;Module&gt;</FullName>
          <Methods />
        </Class>
        <Class>
          <Summary numSequencePoints="6" visitedSequencePoints="0" numBranchPoints="2" visitedBranchPoints="0" sequenceCoverage="0" branchCoverage="0" maxCyclomaticComplexity="1" minCyclomaticComplexity="1" />
          <FullName>Chess.Business.ImplementationA.ChessImplementationAModule</FullName>
          <Methods>
            <Method visited="false" cyclomaticComplexity="1" sequenceCoverage="0" branchCoverage="0" isConstructor="false" isStatic="false" isGetter="true" isSetter="false">
              <Summary numSequencePoints="0" visitedSequencePoints="0" numBranchPoints="0" visitedBranchPoints="0" sequenceCoverage="0" branchCoverage="0" maxCyclomaticComplexity="1" minCyclomaticComplexity="1" />
              <MetadataToken>100663297</MetadataToken>
              <Name>Microsoft.Practices.Unity.IUnityContainer Chess.Business.ImplementationA.ChessImplementationAModule::get_Container()</Name>
              <SequencePoints />
              <BranchPoints />
              <MethodPoint vc="0" uspid="86" ordinal="0" offset="0" />
            </Method>
            <Method visited="false" cyclomaticComplexity="1" sequenceCoverage="0" branchCoverage="0" isConstructor="false" isStatic="false" isGetter="false" isSetter="true">
              <Summary numSequencePoints="0" visitedSequencePoints="0" numBranchPoints="0" visitedBranchPoints="0" sequenceCoverage="0" branchCoverage="0" maxCyclomaticComplexity="1" minCyclomaticComplexity="1" />
              <MetadataToken>100663298</MetadataToken>
              <Name>System.Void Chess.Business.ImplementationA.ChessImplementationAModule::set_Container(Microsoft.Practices.Unity.IUnityContainer)</Name>
              <SequencePoints />
              <BranchPoints />
              <MethodPoint vc="0" uspid="87" ordinal="0" offset="0" />
            </Method>
            <Method visited="false" cyclomaticComplexity="1" sequenceCoverage="0" branchCoverage="0" isConstructor="false" isStatic="false" isGetter="false" isSetter="false">
              <Summary numSequencePoints="3" visitedSequencePoints="0" numBranchPoints="1" visitedBranchPoints="0" sequenceCoverage="0" branchCoverage="0" maxCyclomaticComplexity="1" minCyclomaticComplexity="1" />
              <MetadataToken>100663299</MetadataToken>
              <Name>System.Void Chess.Business.ImplementationA.ChessImplementationAModule::Initialize()</Name>
              <FileRef uid="7" />
              <SequencePoints>
                <SequencePoint vc="0" uspid="88" ordinal="0" offset="0" sl="14" sc="9" el="14" ec="10" bec="0" bev="0" fileid="7" />
                <SequencePoint vc="0" uspid="89" ordinal="1" offset="1" sl="15" sc="13" el="15" ec="29" bec="0" bev="0" fileid="7" />
                <SequencePoint vc="0" uspid="90" ordinal="2" offset="8" sl="16" sc="9" el="16" ec="10" bec="0" bev="0" fileid="7" />
              </SequencePoints>
              <BranchPoints />
              <MethodPoint xsi:type="SequencePoint" vc="0" uspid="88" ordinal="0" offset="0" sl="14" sc="9" el="14" ec="10" bec="0" bev="0" fileid="7" />
            </Method>
            <Method visited="false" cyclomaticComplexity="1" sequenceCoverage="0" branchCoverage="0" isConstructor="false" isStatic="false" isGetter="false" isSetter="false">
              <Summary numSequencePoints="3" visitedSequencePoints="0" numBranchPoints="1" visitedBranchPoints="0" sequenceCoverage="0" branchCoverage="0" maxCyclomaticComplexity="1" minCyclomaticComplexity="1" />
              <MetadataToken>100663300</MetadataToken>
              <Name>System.Void Chess.Business.ImplementationA.ChessImplementationAModule::RegisterTypes()</Name>
              <FileRef uid="7" />
              <SequencePoints>
                <SequencePoint vc="0" uspid="91" ordinal="0" offset="0" sl="19" sc="9" el="19" ec="10" bec="0" bev="0" fileid="7" />
                <SequencePoint vc="0" uspid="92" ordinal="1" offset="1" sl="20" sc="13" el="20" ec="61" bec="0" bev="0" fileid="7" />
                <SequencePoint vc="0" uspid="93" ordinal="2" offset="19" sl="21" sc="9" el="21" ec="10" bec="0" bev="0" fileid="7" />
              </SequencePoints>
              <BranchPoints />
              <MethodPoint xsi:type="SequencePoint" vc="0" uspid="91" ordinal="0" offset="0" sl="19" sc="9" el="19" ec="10" bec="0" bev="0" fileid="7" />
            </Method>
            <Method visited="false" cyclomaticComplexity="1" sequenceCoverage="0" branchCoverage="0" isConstructor="true" isStatic="false" isGetter="false" isSetter="false">
              <Summary numSequencePoints="0" visitedSequencePoints="0" numBranchPoints="0" visitedBranchPoints="0" sequenceCoverage="0" branchCoverage="0" maxCyclomaticComplexity="1" minCyclomaticComplexity="1" />
              <MetadataToken>100663301</MetadataToken>
              <Name>System.Void Chess.Business.ImplementationA.ChessImplementationAModule::.ctor()</Name>
              <SequencePoints />
              <BranchPoints />
              <MethodPoint vc="0" uspid="94" ordinal="0" offset="0" />
            </Method>
          </Methods>
        </Class>
        <Class>
          <Summary numSequencePoints="17" visitedSequencePoints="0" numBranchPoints="5" visitedBranchPoints="0" sequenceCoverage="0" branchCoverage="0" maxCyclomaticComplexity="2" minCyclomaticComplexity="1" />
          <FullName>Chess.Business.ImplementationA.PlayerSwitchSystem</FullName>
          <Methods>
            <Method visited="false" cyclomaticComplexity="1" sequenceCoverage="0" branchCoverage="0" isConstructor="false" isStatic="false" isGetter="true" isSetter="false">
              <Summary numSequencePoints="3" visitedSequencePoints="0" numBranchPoints="1" visitedBranchPoints="0" sequenceCoverage="0" branchCoverage="0" maxCyclomaticComplexity="1" minCyclomaticComplexity="1" />
              <MetadataToken>100663302</MetadataToken>
              <Name>Chess.Business.Interfaces.IPlayer Chess.Business.ImplementationA.PlayerSwitchSystem::get_CurrentPlayer()</Name>
              <FileRef uid="8" />
              <SequencePoints>
                <SequencePoint vc="0" uspid="95" ordinal="0" offset="0" sl="12" sc="44" el="12" ec="45" bec="0" bev="0" fileid="8" />
                <SequencePoint vc="0" uspid="96" ordinal="1" offset="1" sl="12" sc="46" el="12" ec="79" bec="0" bev="0" fileid="8" />
                <SequencePoint vc="0" uspid="97" ordinal="2" offset="15" sl="12" sc="80" el="12" ec="81" bec="0" bev="0" fileid="8" />
              </SequencePoints>
              <BranchPoints />
              <MethodPoint xsi:type="SequencePoint" vc="0" uspid="95" ordinal="0" offset="0" sl="12" sc="44" el="12" ec="45" bec="0" bev="0" fileid="8" />
            </Method>
            <Method visited="false" cyclomaticComplexity="1" sequenceCoverage="0" branchCoverage="0" isConstructor="true" isStatic="false" isGetter="false" isSetter="false">
              <Summary numSequencePoints="5" visitedSequencePoints="0" numBranchPoints="1" visitedBranchPoints="0" sequenceCoverage="0" branchCoverage="0" maxCyclomaticComplexity="1" minCyclomaticComplexity="1" />
              <MetadataToken>100663303</MetadataToken>
              <Name>System.Void Chess.Business.ImplementationA.PlayerSwitchSystem::.ctor(System.Collections.Generic.IEnumerator`1&lt;Chess.Business.Interfaces.IPlayer&gt;)</Name>
              <FileRef uid="8" />
              <SequencePoints>
                <SequencePoint vc="0" uspid="98" ordinal="0" offset="0" sl="14" sc="9" el="14" ec="67" bec="0" bev="0" fileid="8" />
                <SequencePoint vc="0" uspid="99" ordinal="1" offset="7" sl="15" sc="9" el="15" ec="10" bec="0" bev="0" fileid="8" />
                <SequencePoint vc="0" uspid="100" ordinal="2" offset="8" sl="16" sc="13" el="16" ec="44" bec="0" bev="0" fileid="8" />
                <SequencePoint vc="0" uspid="101" ordinal="3" offset="15" sl="17" sc="13" el="17" ec="87" bec="0" bev="0" fileid="8" />
                <SequencePoint vc="0" uspid="102" ordinal="4" offset="31" sl="18" sc="9" el="18" ec="10" bec="0" bev="0" fileid="8" />
              </SequencePoints>
              <BranchPoints />
              <MethodPoint xsi:type="SequencePoint" vc="0" uspid="98" ordinal="0" offset="0" sl="14" sc="9" el="14" ec="67" bec="0" bev="0" fileid="8" />
            </Method>
            <Method visited="false" cyclomaticComplexity="2" sequenceCoverage="0" branchCoverage="0" isConstructor="false" isStatic="false" isGetter="false" isSetter="false">
              <Summary numSequencePoints="9" visitedSequencePoints="0" numBranchPoints="3" visitedBranchPoints="0" sequenceCoverage="0" branchCoverage="0" maxCyclomaticComplexity="2" minCyclomaticComplexity="2" />
              <MetadataToken>100663304</MetadataToken>
              <Name>System.Void Chess.Business.ImplementationA.PlayerSwitchSystem::NextTurn(Chess.Business.Interfaces.IGameTable)</Name>
              <FileRef uid="8" />
              <SequencePoints>
                <SequencePoint vc="0" uspid="103" ordinal="0" offset="0" sl="21" sc="9" el="21" ec="10" bec="0" bev="0" fileid="8" />
                <SequencePoint vc="0" uspid="104" ordinal="1" offset="1" sl="22" sc="13" el="22" ec="47" bec="2" bev="0" fileid="8" />
                <SequencePoint vc="0" uspid="105" ordinal="2" offset="16" sl="23" sc="13" el="23" ec="14" bec="0" bev="0" fileid="8" />
                <SequencePoint vc="0" uspid="106" ordinal="3" offset="17" sl="24" sc="17" el="24" ec="43" bec="0" bev="0" fileid="8" />
                <SequencePoint vc="0" uspid="107" ordinal="4" offset="29" sl="25" sc="17" el="25" ec="46" bec="0" bev="0" fileid="8" />
                <SequencePoint vc="0" uspid="108" ordinal="5" offset="41" sl="26" sc="13" el="26" ec="14" bec="0" bev="0" fileid="8" />
                <SequencePoint vc="0" uspid="109" ordinal="6" offset="42" sl="27" sc="13" el="27" ec="112" bec="0" bev="0" fileid="8" />
                <SequencePoint vc="0" uspid="110" ordinal="7" offset="65" sl="28" sc="13" el="28" ec="42" bec="0" bev="0" fileid="8" />
                <SequencePoint vc="0" uspid="111" ordinal="8" offset="78" sl="29" sc="9" el="29" ec="10" bec="0" bev="0" fileid="8" />
              </SequencePoints>
              <BranchPoints>
                <BranchPoint vc="0" uspid="112" ordinal="0" offset="14" sl="22" path="0" offsetend="16" fileid="8" />
                <BranchPoint vc="0" uspid="113" ordinal="1" offset="14" sl="22" path="1" offsetend="42" fileid="8" />
              </BranchPoints>
              <MethodPoint xsi:type="SequencePoint" vc="0" uspid="103" ordinal="0" offset="0" sl="21" sc="9" el="21" ec="10" bec="0" bev="0" fileid="8" />
            </Method>
          </Methods>
        </Class>
        <Class>
          <Summary numSequencePoints="51" visitedSequencePoints="0" numBranchPoints="12" visitedBranchPoints="0" sequenceCoverage="0" branchCoverage="0" maxCyclomaticComplexity="3" minCyclomaticComplexity="1" />
          <FullName>Chess.Business.ImplementationA.Players.DummyComputerPlayer</FullName>
          <Methods>
            <Method visited="false" cyclomaticComplexity="1" sequenceCoverage="0" branchCoverage="0" isConstructor="false" isStatic="false" isGetter="true" isSetter="false">
              <Summary numSequencePoints="3" visitedSequencePoints="0" numBranchPoints="1" visitedBranchPoints="0" sequenceCoverage="0" branchCoverage="0" maxCyclomaticComplexity="1" minCyclomaticComplexity="1" />
              <MetadataToken>100663305</MetadataToken>
              <Name>System.Boolean Chess.Business.ImplementationA.Players.DummyComputerPlayer::get_IsAutomatic()</Name>
              <FileRef uid="9" />
              <SequencePoints>
                <SequencePoint vc="0" uspid="114" ordinal="0" offset="0" sl="20" sc="39" el="20" ec="40" bec="0" bev="0" fileid="9" />
                <SequencePoint vc="0" uspid="115" ordinal="1" offset="1" sl="20" sc="41" el="20" ec="53" bec="0" bev="0" fileid="9" />
                <SequencePoint vc="0" uspid="116" ordinal="2" offset="5" sl="20" sc="54" el="20" ec="55" bec="0" bev="0" fileid="9" />
              </SequencePoints>
              <BranchPoints />
              <MethodPoint xsi:type="SequencePoint" vc="0" uspid="114" ordinal="0" offset="0" sl="20" sc="39" el="20" ec="40" bec="0" bev="0" fileid="9" />
            </Method>
            <Method visited="false" cyclomaticComplexity="1" sequenceCoverage="0" branchCoverage="0" isConstructor="false" isStatic="false" isGetter="true" isSetter="false">
              <Summary numSequencePoints="3" visitedSequencePoints="0" numBranchPoints="1" visitedBranchPoints="0" sequenceCoverage="0" branchCoverage="0" maxCyclomaticComplexity="1" minCyclomaticComplexity="1" />
              <MetadataToken>100663306</MetadataToken>
              <Name>System.String Chess.Business.ImplementationA.Players.DummyComputerPlayer::get_RequestURI()</Name>
              <FileRef uid="9" />
              <SequencePoints>
                <SequencePoint vc="0" uspid="117" ordinal="0" offset="0" sl="21" sc="40" el="21" ec="41" bec="0" bev="0" fileid="9" />
                <SequencePoint vc="0" uspid="118" ordinal="1" offset="1" sl="21" sc="42" el="21" ec="61" bec="0" bev="0" fileid="9" />
                <SequencePoint vc="0" uspid="119" ordinal="2" offset="9" sl="21" sc="62" el="21" ec="63" bec="0" bev="0" fileid="9" />
              </SequencePoints>
              <BranchPoints />
              <MethodPoint xsi:type="SequencePoint" vc="0" uspid="117" ordinal="0" offset="0" sl="21" sc="40" el="21" ec="41" bec="0" bev="0" fileid="9" />
            </Method>
            <Method visited="false" cyclomaticComplexity="1" sequenceCoverage="0" branchCoverage="0" isConstructor="false" isStatic="false" isGetter="true" isSetter="false">
              <Summary numSequencePoints="3" visitedSequencePoints="0" numBranchPoints="1" visitedBranchPoints="0" sequenceCoverage="0" branchCoverage="0" maxCyclomaticComplexity="1" minCyclomaticComplexity="1" />
              <MetadataToken>100663307</MetadataToken>
              <Name>System.Collections.Generic.IEnumerable`1&lt;Chess.Business.Interfaces.Piece.IPiece&gt; Chess.Business.ImplementationA.Players.DummyComputerPlayer::get_Pieces()</Name>
              <FileRef uid="9" />
              <SequencePoints>
                <SequencePoint vc="0" uspid="120" ordinal="0" offset="0" sl="22" sc="49" el="22" ec="50" bec="0" bev="0" fileid="9" />
                <SequencePoint vc="0" uspid="121" ordinal="1" offset="1" sl="22" sc="51" el="22" ec="66" bec="0" bev="0" fileid="9" />
                <SequencePoint vc="0" uspid="122" ordinal="2" offset="10" sl="22" sc="67" el="22" ec="68" bec="0" bev="0" fileid="9" />
              </SequencePoints>
              <BranchPoints />
              <MethodPoint xsi:type="SequencePoint" vc="0" uspid="120" ordinal="0" offset="0" sl="22" sc="49" el="22" ec="50" bec="0" bev="0" fileid="9" />
            </Method>
            <Method visited="false" cyclomaticComplexity="1" sequenceCoverage="0" branchCoverage="0" isConstructor="false" isStatic="false" isGetter="true" isSetter="false">
              <Summary numSequencePoints="3" visitedSequencePoints="0" numBranchPoints="1" visitedBranchPoints="0" sequenceCoverage="0" branchCoverage="0" maxCyclomaticComplexity="1" minCyclomaticComplexity="1" />
              <MetadataToken>100663308</MetadataToken>
              <Name>System.Int32 Chess.Business.ImplementationA.Players.DummyComputerPlayer::get_MoveOrder()</Name>
              <FileRef uid="9" />
              <SequencePoints>
                <SequencePoint vc="0" uspid="123" ordinal="0" offset="0" sl="23" sc="36" el="23" ec="37" bec="0" bev="0" fileid="9" />
                <SequencePoint vc="0" uspid="124" ordinal="1" offset="1" sl="23" sc="38" el="23" ec="56" bec="0" bev="0" fileid="9" />
                <SequencePoint vc="0" uspid="125" ordinal="2" offset="10" sl="23" sc="57" el="23" ec="58" bec="0" bev="0" fileid="9" />
              </SequencePoints>
              <BranchPoints />
              <MethodPoint xsi:type="SequencePoint" vc="0" uspid="123" ordinal="0" offset="0" sl="23" sc="36" el="23" ec="37" bec="0" bev="0" fileid="9" />
            </Method>
            <Method visited="false" cyclomaticComplexity="1" sequenceCoverage="0" branchCoverage="0" isConstructor="false" isStatic="false" isGetter="true" isSetter="false">
              <Summary numSequencePoints="3" visitedSequencePoints="0" numBranchPoints="1" visitedBranchPoints="0" sequenceCoverage="0" branchCoverage="0" maxCyclomaticComplexity="1" minCyclomaticComplexity="1" />
              <MetadataToken>100663309</MetadataToken>
              <Name>System.String Chess.Business.ImplementationA.Players.DummyComputerPlayer::get_Name()</Name>
              <FileRef uid="9" />
              <SequencePoints>
                <SequencePoint vc="0" uspid="126" ordinal="0" offset="0" sl="24" sc="34" el="24" ec="35" bec="0" bev="0" fileid="9" />
                <SequencePoint vc="0" uspid="127" ordinal="1" offset="1" sl="24" sc="36" el="24" ec="85" bec="0" bev="0" fileid="9" />
                <SequencePoint vc="0" uspid="128" ordinal="2" offset="25" sl="24" sc="86" el="24" ec="87" bec="0" bev="0" fileid="9" />
              </SequencePoints>
              <BranchPoints />
              <MethodPoint xsi:type="SequencePoint" vc="0" uspid="126" ordinal="0" offset="0" sl="24" sc="34" el="24" ec="35" bec="0" bev="0" fileid="9" />
            </Method>
            <Method visited="false" cyclomaticComplexity="1" sequenceCoverage="0" branchCoverage="0" isConstructor="true" isStatic="false" isGetter="false" isSetter="false">
              <Summary numSequencePoints="6" visitedSequencePoints="0" numBranchPoints="1" visitedBranchPoints="0" sequenceCoverage="0" branchCoverage="0" maxCyclomaticComplexity="1" minCyclomaticComplexity="1" />
              <MetadataToken>100663310</MetadataToken>
              <Name>System.Void Chess.Business.ImplementationA.Players.DummyComputerPlayer::.ctor(System.Collections.Generic.IEnumerable`1&lt;Chess.Business.Interfaces.Piece.IPiece&gt;,System.Int32)</Name>
              <FileRef uid="9" />
              <SequencePoints>
                <SequencePoint vc="0" uspid="129" ordinal="0" offset="0" sl="26" sc="9" el="26" ec="76" bec="0" bev="0" fileid="9" />
                <SequencePoint vc="0" uspid="130" ordinal="1" offset="7" sl="27" sc="9" el="27" ec="10" bec="0" bev="0" fileid="9" />
                <SequencePoint vc="0" uspid="131" ordinal="2" offset="8" sl="28" sc="13" el="28" ec="28" bec="0" bev="0" fileid="9" />
                <SequencePoint vc="0" uspid="132" ordinal="3" offset="15" sl="29" sc="13" el="29" ec="36" bec="0" bev="0" fileid="9" />
                <SequencePoint vc="0" uspid="133" ordinal="4" offset="22" sl="30" sc="13" el="30" ec="87" bec="0" bev="0" fileid="9" />
                <SequencePoint vc="0" uspid="134" ordinal="5" offset="38" sl="31" sc="9" el="31" ec="10" bec="0" bev="0" fileid="9" />
              </SequencePoints>
              <BranchPoints />
              <MethodPoint xsi:type="SequencePoint" vc="0" uspid="129" ordinal="0" offset="0" sl="26" sc="9" el="26" ec="76" bec="0" bev="0" fileid="9" />
            </Method>
            <Method visited="false" cyclomaticComplexity="1" sequenceCoverage="0" branchCoverage="0" isConstructor="false" isStatic="false" isGetter="false" isSetter="false">
              <Summary numSequencePoints="2" visitedSequencePoints="0" numBranchPoints="1" visitedBranchPoints="0" sequenceCoverage="0" branchCoverage="0" maxCyclomaticComplexity="1" minCyclomaticComplexity="1" />
              <MetadataToken>100663311</MetadataToken>
              <Name>System.Void Chess.Business.ImplementationA.Players.DummyComputerPlayer::Move(Chess.Infrastructure.Position,Chess.Infrastructure.Position)</Name>
              <FileRef uid="9" />
              <SequencePoints>
                <SequencePoint vc="0" uspid="135" ordinal="0" offset="0" sl="34" sc="9" el="34" ec="10" bec="0" bev="0" fileid="9" />
                <SequencePoint vc="0" uspid="136" ordinal="1" offset="1" sl="36" sc="9" el="36" ec="10" bec="0" bev="0" fileid="9" />
              </SequencePoints>
              <BranchPoints />
              <MethodPoint xsi:type="SequencePoint" vc="0" uspid="135" ordinal="0" offset="0" sl="34" sc="9" el="34" ec="10" bec="0" bev="0" fileid="9" />
            </Method>
            <Method visited="false" cyclomaticComplexity="1" sequenceCoverage="0" branchCoverage="0" isConstructor="false" isStatic="false" isGetter="false" isSetter="false">
              <Summary numSequencePoints="3" visitedSequencePoints="0" numBranchPoints="1" visitedBranchPoints="0" sequenceCoverage="0" branchCoverage="0" maxCyclomaticComplexity="1" minCyclomaticComplexity="1" />
              <MetadataToken>100663312</MetadataToken>
              <Name>System.Boolean Chess.Business.ImplementationA.Players.DummyComputerPlayer::OwnsPiece(Chess.Business.Interfaces.Piece.IPiece)</Name>
              <FileRef uid="9" />
              <SequencePoints>
                <SequencePoint vc="0" uspid="137" ordinal="0" offset="0" sl="39" sc="9" el="39" ec="10" bec="0" bev="0" fileid="9" />
                <SequencePoint vc="0" uspid="138" ordinal="1" offset="1" sl="40" sc="13" el="40" ec="25" bec="0" bev="0" fileid="9" />
                <SequencePoint vc="0" uspid="139" ordinal="2" offset="5" sl="41" sc="9" el="41" ec="10" bec="0" bev="0" fileid="9" />
              </SequencePoints>
              <BranchPoints />
              <MethodPoint xsi:type="SequencePoint" vc="0" uspid="137" ordinal="0" offset="0" sl="39" sc="9" el="39" ec="10" bec="0" bev="0" fileid="9" />
            </Method>
            <Method visited="false" cyclomaticComplexity="1" sequenceCoverage="0" branchCoverage="0" isConstructor="false" isStatic="false" isGetter="false" isSetter="false">
              <Summary numSequencePoints="4" visitedSequencePoints="0" numBranchPoints="1" visitedBranchPoints="0" sequenceCoverage="0" branchCoverage="0" maxCyclomaticComplexity="1" minCyclomaticComplexity="1" />
              <MetadataToken>100663313</MetadataToken>
              <Name>System.Void Chess.Business.ImplementationA.Players.DummyComputerPlayer::Act(Chess.Business.Interfaces.IGameTable)</Name>
              <FileRef uid="9" />
              <SequencePoints>
                <SequencePoint vc="0" uspid="140" ordinal="0" offset="0" sl="44" sc="9" el="44" ec="10" bec="0" bev="0" fileid="9" />
                <SequencePoint vc="0" uspid="141" ordinal="1" offset="1" sl="45" sc="13" el="45" ec="62" bec="0" bev="0" fileid="9" />
                <SequencePoint vc="0" uspid="142" ordinal="2" offset="20" sl="46" sc="13" el="46" ec="30" bec="0" bev="0" fileid="9" />
                <SequencePoint vc="0" uspid="143" ordinal="3" offset="27" sl="47" sc="9" el="47" ec="10" bec="0" bev="0" fileid="9" />
              </SequencePoints>
              <BranchPoints />
              <MethodPoint xsi:type="SequencePoint" vc="0" uspid="140" ordinal="0" offset="0" sl="44" sc="9" el="44" ec="10" bec="0" bev="0" fileid="9" />
            </Method>
            <Method visited="false" cyclomaticComplexity="3" sequenceCoverage="0" branchCoverage="0" isConstructor="false" isStatic="false" isGetter="false" isSetter="false">
              <Summary numSequencePoints="21" visitedSequencePoints="0" numBranchPoints="3" visitedBranchPoints="0" sequenceCoverage="0" branchCoverage="0" maxCyclomaticComplexity="3" minCyclomaticComplexity="3" />
              <MetadataToken>100663314</MetadataToken>
              <Name>System.Void Chess.Business.ImplementationA.Players.DummyComputerPlayer::GenerateMove(System.Object)</Name>
              <FileRef uid="9" />
              <SequencePoints>
                <SequencePoint vc="0" uspid="144" ordinal="0" offset="0" sl="50" sc="9" el="50" ec="10" bec="0" bev="0" fileid="9" />
                <SequencePoint vc="0" uspid="145" ordinal="1" offset="4" sl="51" sc="13" el="51" ec="24" bec="0" bev="0" fileid="9" />
                <SequencePoint vc="0" uspid="146" ordinal="2" offset="16" sl="52" sc="13" el="52" ec="14" bec="0" bev="0" fileid="9" />
                <SequencePoint vc="0" uspid="147" ordinal="3" offset="17" sl="53" sc="17" el="53" ec="53" bec="0" bev="0" fileid="9" />
                <SequencePoint vc="0" uspid="148" ordinal="4" offset="24" sl="55" sc="17" el="55" ec="34" bec="0" bev="0" fileid="9" />
                <SequencePoint vc="0" uspid="149" ordinal="5" offset="32" sl="56" sc="17" el="56" ec="63" bec="0" bev="0" fileid="9" />
                <SequencePoint vc="0" uspid="150" ordinal="6" offset="38" sl="58" sc="17" el="58" ec="18" bec="0" bev="0" fileid="9" />
                <SequencePoint vc="0" uspid="151" ordinal="7" offset="39" sl="59" sc="21" el="59" ec="48" bec="0" bev="0" fileid="9" />
                <SequencePoint vc="0" uspid="152" ordinal="8" offset="46" sl="60" sc="21" el="60" ec="47" bec="0" bev="0" fileid="9" />
                <SequencePoint vc="0" uspid="153" ordinal="9" offset="52" sl="61" sc="21" el="61" ec="86" bec="0" bev="0" fileid="9" />
                <SequencePoint vc="0" uspid="154" ordinal="10" offset="82" sl="62" sc="21" el="62" ec="105" bec="0" bev="0" fileid="9" />
                <SequencePoint vc="0" uspid="155" ordinal="11" offset="101" sl="63" sc="21" el="63" ec="103" bec="0" bev="0" fileid="9" />
                <SequencePoint vc="0" uspid="156" ordinal="12" offset="120" sl="64" sc="17" el="64" ec="18" bec="0" bev="0" fileid="9" />
                <SequencePoint vc="0" uspid="157" ordinal="13" offset="121" sl="64" sc="19" el="64" ec="57" bec="2" bev="0" fileid="9" />
                <SequencePoint vc="0" uspid="158" ordinal="14" offset="139" sl="65" sc="17" el="65" ec="44" bec="0" bev="0" fileid="9" />
                <SequencePoint vc="0" uspid="159" ordinal="15" offset="146" sl="66" sc="17" el="66" ec="90" bec="0" bev="0" fileid="9" />
                <SequencePoint vc="0" uspid="160" ordinal="16" offset="168" sl="67" sc="17" el="67" ec="67" bec="0" bev="0" fileid="9" />
                <SequencePoint vc="0" uspid="161" ordinal="17" offset="181" sl="68" sc="17" el="68" ec="44" bec="0" bev="0" fileid="9" />
                <SequencePoint vc="0" uspid="162" ordinal="18" offset="190" sl="69" sc="17" el="69" ec="78" bec="0" bev="0" fileid="9" />
                <SequencePoint vc="0" uspid="163" ordinal="19" offset="208" sl="70" sc="13" el="70" ec="14" bec="0" bev="0" fileid="9" />
                <SequencePoint vc="0" uspid="164" ordinal="20" offset="232" sl="71" sc="9" el="71" ec="10" bec="0" bev="0" fileid="9" />
              </SequencePoints>
              <BranchPoints>
                <BranchPoint vc="0" uspid="165" ordinal="0" offset="137" sl="64" path="0" offsetend="139" fileid="9" />
                <BranchPoint vc="0" uspid="166" ordinal="1" offset="137" sl="64" path="1" offsetend="38" fileid="9" />
              </BranchPoints>
              <MethodPoint xsi:type="SequencePoint" vc="0" uspid="144" ordinal="0" offset="0" sl="50" sc="9" el="50" ec="10" bec="0" bev="0" fileid="9" />
            </Method>
          </Methods>
        </Class>
        <Class>
          <Summary numSequencePoints="80" visitedSequencePoints="0" numBranchPoints="38" visitedBranchPoints="0" sequenceCoverage="0" branchCoverage="0" maxCyclomaticComplexity="4" minCyclomaticComplexity="1" />
          <FullName>Chess.Business.ImplementationA.GameTable</FullName>
          <Methods>
            <Method visited="false" cyclomaticComplexity="1" sequenceCoverage="0" branchCoverage="0" isConstructor="false" isStatic="false" isGetter="true" isSetter="false">
              <Summary numSequencePoints="3" visitedSequencePoints="0" numBranchPoints="1" visitedBranchPoints="0" sequenceCoverage="0" branchCoverage="0" maxCyclomaticComplexity="1" minCyclomaticComplexity="1" />
              <MetadataToken>100663315</MetadataToken>
              <Name>System.Collections.Generic.IEnumerable`1&lt;Chess.Business.Interfaces.Piece.IPiece&gt; Chess.Business.ImplementationA.GameTable::get_Pieces()</Name>
              <FileRef uid="10" />
              <SequencePoints>
                <SequencePoint vc="0" uspid="167" ordinal="0" offset="0" sl="22" sc="49" el="22" ec="50" bec="0" bev="0" fileid="10" />
                <SequencePoint vc="0" uspid="168" ordinal="1" offset="1" sl="22" sc="51" el="22" ec="66" bec="0" bev="0" fileid="10" />
                <SequencePoint vc="0" uspid="169" ordinal="2" offset="10" sl="22" sc="67" el="22" ec="68" bec="0" bev="0" fileid="10" />
              </SequencePoints>
              <BranchPoints />
              <MethodPoint xsi:type="SequencePoint" vc="0" uspid="167" ordinal="0" offset="0" sl="22" sc="49" el="22" ec="50" bec="0" bev="0" fileid="10" />
            </Method>
            <Method visited="false" cyclomaticComplexity="1" sequenceCoverage="0" branchCoverage="0" isConstructor="false" isStatic="false" isGetter="true" isSetter="false">
              <Summary numSequencePoints="3" visitedSequencePoints="0" numBranchPoints="1" visitedBranchPoints="0" sequenceCoverage="0" branchCoverage="0" maxCyclomaticComplexity="1" minCyclomaticComplexity="1" />
              <MetadataToken>100663316</MetadataToken>
              <Name>Chess.Business.Interfaces.IPlayer Chess.Business.ImplementationA.GameTable::get_CurrentPlayer()</Name>
              <FileRef uid="10" />
              <SequencePoints>
                <SequencePoint vc="0" uspid="170" ordinal="0" offset="0" sl="23" sc="44" el="23" ec="45" bec="0" bev="0" fileid="10" />
                <SequencePoint vc="0" uspid="171" ordinal="1" offset="1" sl="23" sc="46" el="23" ec="87" bec="0" bev="0" fileid="10" />
                <SequencePoint vc="0" uspid="172" ordinal="2" offset="15" sl="23" sc="88" el="23" ec="89" bec="0" bev="0" fileid="10" />
              </SequencePoints>
              <BranchPoints />
              <MethodPoint xsi:type="SequencePoint" vc="0" uspid="170" ordinal="0" offset="0" sl="23" sc="44" el="23" ec="45" bec="0" bev="0" fileid="10" />
            </Method>
            <Method visited="false" cyclomaticComplexity="1" sequenceCoverage="0" branchCoverage="0" isConstructor="false" isStatic="false" isGetter="true" isSetter="false">
              <Summary numSequencePoints="3" visitedSequencePoints="0" numBranchPoints="1" visitedBranchPoints="0" sequenceCoverage="0" branchCoverage="0" maxCyclomaticComplexity="1" minCyclomaticComplexity="1" />
              <MetadataToken>100663317</MetadataToken>
              <Name>System.Collections.Generic.IEnumerable`1&lt;Chess.Infrastructure.Position&gt; Chess.Business.ImplementationA.GameTable::get_TableMoves()</Name>
              <FileRef uid="10" />
              <SequencePoints>
                <SequencePoint vc="0" uspid="173" ordinal="0" offset="0" sl="24" sc="55" el="24" ec="56" bec="0" bev="0" fileid="10" />
                <SequencePoint vc="0" uspid="174" ordinal="1" offset="1" sl="24" sc="57" el="24" ec="71" bec="0" bev="0" fileid="10" />
                <SequencePoint vc="0" uspid="175" ordinal="2" offset="10" sl="24" sc="72" el="24" ec="73" bec="0" bev="0" fileid="10" />
              </SequencePoints>
              <BranchPoints />
              <MethodPoint xsi:type="SequencePoint" vc="0" uspid="173" ordinal="0" offset="0" sl="24" sc="55" el="24" ec="56" bec="0" bev="0" fileid="10" />
            </Method>
            <Method visited="false" cyclomaticComplexity="1" sequenceCoverage="0" branchCoverage="0" isConstructor="false" isStatic="false" isGetter="true" isSetter="false">
              <Summary numSequencePoints="3" visitedSequencePoints="0" numBranchPoints="1" visitedBranchPoints="0" sequenceCoverage="0" branchCoverage="0" maxCyclomaticComplexity="1" minCyclomaticComplexity="1" />
              <MetadataToken>100663318</MetadataToken>
              <Name>System.Collections.Generic.IEnumerable`1&lt;Chess.Infrastructure.Position&gt; Chess.Business.ImplementationA.GameTable::get_TableAttacks()</Name>
              <FileRef uid="10" />
              <SequencePoints>
                <SequencePoint vc="0" uspid="176" ordinal="0" offset="0" sl="25" sc="57" el="25" ec="58" bec="0" bev="0" fileid="10" />
                <SequencePoint vc="0" uspid="177" ordinal="1" offset="1" sl="25" sc="59" el="25" ec="75" bec="0" bev="0" fileid="10" />
                <SequencePoint vc="0" uspid="178" ordinal="2" offset="10" sl="25" sc="76" el="25" ec="77" bec="0" bev="0" fileid="10" />
              </SequencePoints>
              <BranchPoints />
              <MethodPoint xsi:type="SequencePoint" vc="0" uspid="176" ordinal="0" offset="0" sl="25" sc="57" el="25" ec="58" bec="0" bev="0" fileid="10" />
            </Method>
            <Method visited="false" cyclomaticComplexity="2" sequenceCoverage="0" branchCoverage="0" isConstructor="false" isStatic="false" isGetter="true" isSetter="false">
[...]
                <SequencePoint vc="5" uspid="625" ordinal="5" offset="66" sl="71" sc="13" el="71" ec="111" bec="0" bev="0" fileid="25" />
                <SequencePoint vc="5" uspid="626" ordinal="6" offset="95" sl="72" sc="13" el="72" ec="67" bec="0" bev="0" fileid="25" />
                <SequencePoint vc="5" uspid="627" ordinal="7" offset="117" sl="73" sc="13" el="73" ec="65" bec="0" bev="0" fileid="25" />
                <SequencePoint vc="5" uspid="628" ordinal="8" offset="135" sl="74" sc="9" el="74" ec="10" bec="0" bev="0" fileid="25" />
              </SequencePoints>
              <BranchPoints />
              <MethodPoint xsi:type="SequencePoint" vc="5" uspid="620" ordinal="0" offset="0" sl="66" sc="9" el="66" ec="10" bec="0" bev="0" fileid="25" />
            </Method>
          </Methods>
        </Class>
        <Class>
          <Summary numSequencePoints="29" visitedSequencePoints="0" numBranchPoints="9" visitedBranchPoints="0" sequenceCoverage="0" branchCoverage="0" maxCyclomaticComplexity="1" minCyclomaticComplexity="1" />
          <FullName>Chess.Business.ImplementationA.Players.HumanPlayer</FullName>
          <Methods>
            <Method visited="false" cyclomaticComplexity="1" sequenceCoverage="0" branchCoverage="0" isConstructor="false" isStatic="false" isGetter="true" isSetter="false">
              <Summary numSequencePoints="3" visitedSequencePoints="0" numBranchPoints="1" visitedBranchPoints="0" sequenceCoverage="0" branchCoverage="0" maxCyclomaticComplexity="1" minCyclomaticComplexity="1" />
              <MetadataToken>100663406</MetadataToken>
              <Name>System.Boolean Chess.Business.ImplementationA.Players.HumanPlayer::get_IsAutomatic()</Name>
              <FileRef uid="26" />
              <SequencePoints>
                <SequencePoint vc="0" uspid="629" ordinal="0" offset="0" sl="12" sc="39" el="12" ec="40" bec="0" bev="0" fileid="26" />
                <SequencePoint vc="0" uspid="630" ordinal="1" offset="1" sl="12" sc="41" el="12" ec="54" bec="0" bev="0" fileid="26" />
                <SequencePoint vc="0" uspid="631" ordinal="2" offset="5" sl="12" sc="55" el="12" ec="56" bec="0" bev="0" fileid="26" />
              </SequencePoints>
              <BranchPoints />
              <MethodPoint xsi:type="SequencePoint" vc="0" uspid="629" ordinal="0" offset="0" sl="12" sc="39" el="12" ec="40" bec="0" bev="0" fileid="26" />
            </Method>
            <Method visited="false" cyclomaticComplexity="1" sequenceCoverage="0" branchCoverage="0" isConstructor="false" isStatic="false" isGetter="true" isSetter="false">
              <Summary numSequencePoints="3" visitedSequencePoints="0" numBranchPoints="1" visitedBranchPoints="0" sequenceCoverage="0" branchCoverage="0" maxCyclomaticComplexity="1" minCyclomaticComplexity="1" />
              <MetadataToken>100663407</MetadataToken>
              <Name>System.String Chess.Business.ImplementationA.Players.HumanPlayer::get_RequestURI()</Name>
              <FileRef uid="26" />
              <SequencePoints>
                <SequencePoint vc="0" uspid="632" ordinal="0" offset="0" sl="13" sc="40" el="13" ec="41" bec="0" bev="0" fileid="26" />
                <SequencePoint vc="0" uspid="633" ordinal="1" offset="1" sl="13" sc="42" el="13" ec="54" bec="0" bev="0" fileid="26" />
                <SequencePoint vc="0" uspid="634" ordinal="2" offset="5" sl="13" sc="55" el="13" ec="56" bec="0" bev="0" fileid="26" />
              </SequencePoints>
              <BranchPoints />
              <MethodPoint xsi:type="SequencePoint" vc="0" uspid="632" ordinal="0" offset="0" sl="13" sc="40" el="13" ec="41" bec="0" bev="0" fileid="26" />
            </Method>
            <Method visited="false" cyclomaticComplexity="1" sequenceCoverage="0" branchCoverage="0" isConstructor="false" isStatic="false" isGetter="true" isSetter="false">
              <Summary numSequencePoints="3" visitedSequencePoints="0" numBranchPoints="1" visitedBranchPoints="0" sequenceCoverage="0" branchCoverage="0" maxCyclomaticComplexity="1" minCyclomaticComplexity="1" />
              <MetadataToken>100663408</MetadataToken>
              <Name>System.Collections.Generic.IEnumerable`1&lt;Chess.Business.Interfaces.Piece.IPiece&gt; Chess.Business.ImplementationA.Players.HumanPlayer::get_Pieces()</Name>
              <FileRef uid="26" />
              <SequencePoints>
                <SequencePoint vc="0" uspid="635" ordinal="0" offset="0" sl="15" sc="49" el="15" ec="50" bec="0" bev="0" fileid="26" />
                <SequencePoint vc="0" uspid="636" ordinal="1" offset="1" sl="15" sc="51" el="15" ec="66" bec="0" bev="0" fileid="26" />
                <SequencePoint vc="0" uspid="637" ordinal="2" offset="10" sl="15" sc="67" el="15" ec="68" bec="0" bev="0" fileid="26" />
              </SequencePoints>
              <BranchPoints />
              <MethodPoint xsi:type="SequencePoint" vc="0" uspid="635" ordinal="0" offset="0" sl="15" sc="49" el="15" ec="50" bec="0" bev="0" fileid="26" />
            </Method>
            <Method visited="false" cyclomaticComplexity="1" sequenceCoverage="0" branchCoverage="0" isConstructor="false" isStatic="false" isGetter="true" isSetter="false">
              <Summary numSequencePoints="3" visitedSequencePoints="0" numBranchPoints="1" visitedBranchPoints="0" sequenceCoverage="0" branchCoverage="0" maxCyclomaticComplexity="1" minCyclomaticComplexity="1" />
              <MetadataToken>100663409</MetadataToken>
              <Name>System.Int32 Chess.Business.ImplementationA.Players.HumanPlayer::get_MoveOrder()</Name>
              <FileRef uid="26" />
              <SequencePoints>
                <SequencePoint vc="0" uspid="638" ordinal="0" offset="0" sl="17" sc="36" el="17" ec="37" bec="0" bev="0" fileid="26" />
                <SequencePoint vc="0" uspid="639" ordinal="1" offset="1" sl="17" sc="38" el="17" ec="56" bec="0" bev="0" fileid="26" />
                <SequencePoint vc="0" uspid="640" ordinal="2" offset="10" sl="17" sc="57" el="17" ec="58" bec="0" bev="0" fileid="26" />
              </SequencePoints>
              <BranchPoints />
              <MethodPoint xsi:type="SequencePoint" vc="0" uspid="638" ordinal="0" offset="0" sl="17" sc="36" el="17" ec="37" bec="0" bev="0" fileid="26" />
            </Method>
            <Method visited="false" cyclomaticComplexity="1" sequenceCoverage="0" branchCoverage="0" isConstructor="false" isStatic="false" isGetter="true" isSetter="false">
              <Summary numSequencePoints="3" visitedSequencePoints="0" numBranchPoints="1" visitedBranchPoints="0" sequenceCoverage="0" branchCoverage="0" maxCyclomaticComplexity="1" minCyclomaticComplexity="1" />
              <MetadataToken>100663410</MetadataToken>
              <Name>System.String Chess.Business.ImplementationA.Players.HumanPlayer::get_Name()</Name>
              <FileRef uid="26" />
              <SequencePoints>
                <SequencePoint vc="0" uspid="641" ordinal="0" offset="0" sl="18" sc="34" el="18" ec="35" bec="0" bev="0" fileid="26" />
                <SequencePoint vc="0" uspid="642" ordinal="1" offset="1" sl="18" sc="36" el="18" ec="83" bec="0" bev="0" fileid="26" />
                <SequencePoint vc="0" uspid="643" ordinal="2" offset="25" sl="18" sc="84" el="18" ec="85" bec="0" bev="0" fileid="26" />
              </SequencePoints>
              <BranchPoints />
              <MethodPoint xsi:type="SequencePoint" vc="0" uspid="641" ordinal="0" offset="0" sl="18" sc="34" el="18" ec="35" bec="0" bev="0" fileid="26" />
            </Method>
            <Method visited="false" cyclomaticComplexity="1" sequenceCoverage="0" branchCoverage="0" isConstructor="true" isStatic="false" isGetter="false" isSetter="false">
              <Summary numSequencePoints="5" visitedSequencePoints="0" numBranchPoints="1" visitedBranchPoints="0" sequenceCoverage="0" branchCoverage="0" maxCyclomaticComplexity="1" minCyclomaticComplexity="1" />
              <MetadataToken>100663411</MetadataToken>
              <Name>System.Void Chess.Business.ImplementationA.Players.HumanPlayer::.ctor(System.Collections.Generic.IEnumerable`1&lt;Chess.Business.Interfaces.Piece.IPiece&gt;,System.Int32)</Name>
              <FileRef uid="26" />
              <SequencePoints>
                <SequencePoint vc="0" uspid="644" ordinal="0" offset="0" sl="20" sc="9" el="20" ec="70" bec="0" bev="0" fileid="26" />
                <SequencePoint vc="0" uspid="645" ordinal="1" offset="7" sl="21" sc="9" el="21" ec="10" bec="0" bev="0" fileid="26" />
                <SequencePoint vc="0" uspid="646" ordinal="2" offset="8" sl="22" sc="13" el="22" ec="30" bec="0" bev="0" fileid="26" />
                <SequencePoint vc="0" uspid="647" ordinal="3" offset="15" sl="23" sc="13" el="23" ec="36" bec="0" bev="0" fileid="26" />
                <SequencePoint vc="0" uspid="648" ordinal="4" offset="22" sl="24" sc="9" el="24" ec="10" bec="0" bev="0" fileid="26" />
              </SequencePoints>
              <BranchPoints />
              <MethodPoint xsi:type="SequencePoint" vc="0" uspid="644" ordinal="0" offset="0" sl="20" sc="9" el="20" ec="70" bec="0" bev="0" fileid="26" />
            </Method>
            <Method visited="false" cyclomaticComplexity="1" sequenceCoverage="0" branchCoverage="0" isConstructor="false" isStatic="false" isGetter="false" isSetter="false">
              <Summary numSequencePoints="4" visitedSequencePoints="0" numBranchPoints="1" visitedBranchPoints="0" sequenceCoverage="0" branchCoverage="0" maxCyclomaticComplexity="1" minCyclomaticComplexity="1" />
              <MetadataToken>100663412</MetadataToken>
              <Name>System.Void Chess.Business.ImplementationA.Players.HumanPlayer::Move(Chess.Infrastructure.Position,Chess.Infrastructure.Position)</Name>
              <FileRef uid="26" />
              <SequencePoints>
                <SequencePoint vc="0" uspid="649" ordinal="0" offset="13" sl="27" sc="9" el="27" ec="10" bec="0" bev="0" fileid="26" />
                <SequencePoint vc="0" uspid="650" ordinal="1" offset="14" sl="28" sc="13" el="28" ec="78" bec="0" bev="0" fileid="26" />
                <SequencePoint vc="0" uspid="651" ordinal="2" offset="38" sl="29" sc="13" el="29" ec="34" bec="0" bev="0" fileid="26" />
                <SequencePoint vc="0" uspid="652" ordinal="3" offset="46" sl="30" sc="9" el="30" ec="10" bec="0" bev="0" fileid="26" />
              </SequencePoints>
              <BranchPoints />
              <MethodPoint vc="0" uspid="653" ordinal="0" offset="0" />
            </Method>
            <Method visited="false" cyclomaticComplexity="1" sequenceCoverage="0" branchCoverage="0" isConstructor="false" isStatic="false" isGetter="false" isSetter="false">
              <Summary numSequencePoints="3" visitedSequencePoints="0" numBranchPoints="1" visitedBranchPoints="0" sequenceCoverage="0" branchCoverage="0" maxCyclomaticComplexity="1" minCyclomaticComplexity="1" />
              <MetadataToken>100663413</MetadataToken>
              <Name>System.Boolean Chess.Business.ImplementationA.Players.HumanPlayer::OwnsPiece(Chess.Business.Interfaces.Piece.IPiece)</Name>
              <FileRef uid="26" />
              <SequencePoints>
                <SequencePoint vc="0" uspid="654" ordinal="0" offset="13" sl="33" sc="9" el="33" ec="10" bec="0" bev="0" fileid="26" />
                <SequencePoint vc="0" uspid="655" ordinal="1" offset="14" sl="34" sc="13" el="34" ec="49" bec="0" bev="0" fileid="26" />
                <SequencePoint vc="0" uspid="656" ordinal="2" offset="40" sl="35" sc="9" el="35" ec="10" bec="0" bev="0" fileid="26" />
              </SequencePoints>
              <BranchPoints />
              <MethodPoint vc="0" uspid="657" ordinal="0" offset="0" />
            </Method>
            <Method visited="false" cyclomaticComplexity="1" sequenceCoverage="0" branchCoverage="0" isConstructor="false" isStatic="false" isGetter="false" isSetter="false">
              <Summary numSequencePoints="2" visitedSequencePoints="0" numBranchPoints="1" visitedBranchPoints="0" sequenceCoverage="0" branchCoverage="0" maxCyclomaticComplexity="1" minCyclomaticComplexity="1" />
              <MetadataToken>100663414</MetadataToken>
              <Name>System.Void Chess.Business.ImplementationA.Players.HumanPlayer::Act(Chess.Business.Interfaces.IGameTable)</Name>
              <FileRef uid="26" />
              <SequencePoints>
                <SequencePoint vc="0" uspid="658" ordinal="0" offset="0" sl="38" sc="39" el="38" ec="40" bec="0" bev="0" fileid="26" />
                <SequencePoint vc="0" uspid="659" ordinal="1" offset="1" sl="38" sc="41" el="38" ec="42" bec="0" bev="0" fileid="26" />
              </SequencePoints>
              <BranchPoints />
              <MethodPoint xsi:type="SequencePoint" vc="0" uspid="658" ordinal="0" offset="0" sl="38" sc="39" el="38" ec="40" bec="0" bev="0" fileid="26" />
            </Method>
          </Methods>
        </Class>
        <Class>
          <Summary numSequencePoints="1" visitedSequencePoints="0" numBranchPoints="1" visitedBranchPoints="0" sequenceCoverage="0" branchCoverage="0" maxCyclomaticComplexity="1" minCyclomaticComplexity="1" />
          <FullName>Chess.Business.ImplementationA.Players.HumanPlayer/&lt;&gt;c__DisplayClass1</FullName>
          <Methods>
            <Method visited="false" cyclomaticComplexity="1" sequenceCoverage="0" branchCoverage="0" isConstructor="true" isStatic="false" isGetter="false" isSetter="false">
              <Summary numSequencePoints="0" visitedSequencePoints="0" numBranchPoints="0" visitedBranchPoints="0" sequenceCoverage="0" branchCoverage="0" maxCyclomaticComplexity="1" minCyclomaticComplexity="1" />
              <MetadataToken>100663423</MetadataToken>
              <Name>System.Void Chess.Business.ImplementationA.Players.HumanPlayer/&lt;&gt;c__DisplayClass1::.ctor()</Name>
              <SequencePoints />
              <BranchPoints />
              <MethodPoint vc="0" uspid="660" ordinal="0" offset="0" />
            </Method>
            <Method visited="false" cyclomaticComplexity="1" sequenceCoverage="0" branchCoverage="0" isConstructor="false" isStatic="false" isGetter="false" isSetter="false">
              <Summary numSequencePoints="1" visitedSequencePoints="0" numBranchPoints="1" visitedBranchPoints="0" sequenceCoverage="0" branchCoverage="0" maxCyclomaticComplexity="1" minCyclomaticComplexity="1" />
              <MetadataToken>100663424</MetadataToken>
              <Name>System.Boolean Chess.Business.ImplementationA.Players.HumanPlayer/&lt;&gt;c__DisplayClass1::&lt;Move&gt;b__0(Chess.Business.Interfaces.Piece.IPiece)</Name>
              <FileRef uid="26" />
              <SequencePoints>
                <SequencePoint vc="0" uspid="661" ordinal="0" offset="0" sl="28" sc="51" el="28" ec="76" bec="0" bev="0" fileid="26" />
              </SequencePoints>
              <BranchPoints />
              <MethodPoint xsi:type="SequencePoint" vc="0" uspid="661" ordinal="0" offset="0" sl="28" sc="51" el="28" ec="76" bec="0" bev="0" fileid="26" />
            </Method>
          </Methods>
        </Class>
        <Class>
          <Summary numSequencePoints="1" visitedSequencePoints="0" numBranchPoints="1" visitedBranchPoints="0" sequenceCoverage="0" branchCoverage="0" maxCyclomaticComplexity="1" minCyclomaticComplexity="1" />
          <FullName>Chess.Business.ImplementationA.Players.HumanPlayer/&lt;&gt;c__DisplayClass4</FullName>
          <Methods>
            <Method visited="false" cyclomaticComplexity="1" sequenceCoverage="0" branchCoverage="0" isConstructor="true" isStatic="false" isGetter="false" isSetter="false">
              <Summary numSequencePoints="0" visitedSequencePoints="0" numBranchPoints="0" visitedBranchPoints="0" sequenceCoverage="0" branchCoverage="0" maxCyclomaticComplexity="1" minCyclomaticComplexity="1" />
              <MetadataToken>100663425</MetadataToken>
              <Name>System.Void Chess.Business.ImplementationA.Players.HumanPlayer/&lt;&gt;c__DisplayClass4::.ctor()</Name>
              <SequencePoints />
              <BranchPoints />
              <MethodPoint vc="0" uspid="662" ordinal="0" offset="0" />
            </Method>
            <Method visited="false" cyclomaticComplexity="1" sequenceCoverage="0" branchCoverage="0" isConstructor="false" isStatic="false" isGetter="false" isSetter="false">
              <Summary numSequencePoints="1" visitedSequencePoints="0" numBranchPoints="1" visitedBranchPoints="0" sequenceCoverage="0" branchCoverage="0" maxCyclomaticComplexity="1" minCyclomaticComplexity="1" />
              <MetadataToken>100663426</MetadataToken>
              <Name>System.Boolean Chess.Business.ImplementationA.Players.HumanPlayer/&lt;&gt;c__DisplayClass4::&lt;OwnsPiece&gt;b__3(Chess.Business.Interfaces.Piece.IPiece)</Name>
              <FileRef uid="26" />
              <SequencePoints>
                <SequencePoint vc="0" uspid="663" ordinal="0" offset="0" sl="34" sc="37" el="34" ec="47" bec="0" bev="0" fileid="26" />
              </SequencePoints>
              <BranchPoints />
              <MethodPoint xsi:type="SequencePoint" vc="0" uspid="663" ordinal="0" offset="0" sl="34" sc="37" el="34" ec="47" bec="0" bev="0" fileid="26" />
            </Method>
          </Methods>
        </Class>
        <Class>
          <Summary numSequencePoints="0" visitedSequencePoints="0" numBranchPoints="0" visitedBranchPoints="0" sequenceCoverage="0" branchCoverage="0" maxCyclomaticComplexity="0" minCyclomaticComplexity="0" />
          <FullName>&lt;PrivateImplementationDetails&gt;{BE27C6A1-89ED-4B66-93D4-F8572E4A0B6B}</FullName>
          <Methods />
        </Class>
      </Classes>
    </Module>
    <Module skippedDueTo="MissingPdb" hash="A7-EF-7A-1F-6F-D3-D5-89-6E-CA-4E-26-8A-01-36-70-69-5C-D6-EE">
      <FullName>D:\dev\diss\src\Chess\Chess.Business.ImplementationA.Tests\bin\Debug\Moq.dll</FullName>
      <ModuleName>Moq</ModuleName>
      <Classes />
    </Module>
    <Module skippedDueTo="Filter" hash="B6-60-CE-70-25-03-8E-12-F0-FF-EB-DA-C8-94-AA-A9-02-DE-71-07">
      <FullName>C:\Windows\Microsoft.Net\assembly\GAC_MSIL\System.Configuration\v4.0_4.0.0.0__b03f5f7f11d50a3a\System.Configuration.dll</FullName>
      <ModuleName>System.Configuration</ModuleName>
      <Classes />
    </Module>
    <Module skippedDueTo="Filter" hash="2C-B8-8B-0E-27-14-38-8E-71-A5-1D-A0-EE-33-D9-22-5F-A4-AF-79">
      <FullName>C:\Windows\Microsoft.Net\assembly\GAC_MSIL\System.Xml\v4.0_4.0.0.0__b77a5c561934e089\System.Xml.dll</FullName>
      <ModuleName>System.Xml</ModuleName>
      <Classes />
    </Module>
    <Module skippedDueTo="Filter" hash="0C-FE-7E-8F-42-F0-9C-C6-C2-53-AE-9B-AB-A5-C4-73-A7-C5-5D-38">
      <FullName>D:\dev\diss\src\Chess\Chess.Business.ImplementationA.Tests\bin\Debug\xunit.assert.dll</FullName>
      <ModuleName>xunit.assert</ModuleName>
      <Classes />
    </Module>
    <Module skippedDueTo="Filter" hash="EC-FF-9D-4B-0C-AE-7A-3C-63-A6-9E-91-68-0A-BA-A4-D2-4E-03-EE">
      <FullName>C:\Windows\Microsoft.Net\assembly\GAC_MSIL\System.Reflection\v4.0_4.0.0.0__b03f5f7f11d50a3a\System.Reflection.dll</FullName>
      <ModuleName>System.Reflection</ModuleName>
      <Classes />
    </Module>
    <Module skippedDueTo="MissingPdb" hash="">
      <FullName>RefEmit_InMemoryManifestModule</FullName>
      <ModuleName>Anonymously Hosted DynamicMethods Assembly</ModuleName>
      <Classes />
    </Module>
    <Module skippedDueTo="MissingPdb" hash="">
      <FullName>RefEmit_InMemoryManifestModule</FullName>
      <ModuleName>DynamicProxyGenAssembly2</ModuleName>
      <Classes />
    </Module>
    <Module skippedDueTo="MissingPdb" hash="">
      <FullName>RefEmit_InMemoryManifestModule</FullName>
      <ModuleName>DynamicProxyGenAssembly2</ModuleName>
      <Classes />
    </Module>
  </Modules>
</CoverageSession>